=========================================
SSVAE Combined Robustness Experiment
=========================================
Job ID: 244093
Node: c2-g4-01
Start time: Fri 16 Jan 14:04:59 GMT 2026

Python location: /scratch/shared/beegfs/dhoffmann/miniconda3/envs/vae/bin/python
Python version: Python 3.10.19

Checking GPU availability...
Fri Jan 16 14:05:05 2026       
+-----------------------------------------------------------------------------------------+
| NVIDIA-SMI 550.163.01             Driver Version: 550.163.01     CUDA Version: 12.4     |
|-----------------------------------------+------------------------+----------------------+
| GPU  Name                 Persistence-M | Bus-Id          Disp.A | Volatile Uncorr. ECC |
| Fan  Temp   Perf          Pwr:Usage/Cap |           Memory-Usage | GPU-Util  Compute M. |
|                                         |                        |               MIG M. |
|=========================================+========================+======================|
|   0  Tesla P40                      Off |   00000000:3F:00.0 Off |                    0 |
| N/A   64C    P8             12W /  250W |       0MiB /  23040MiB |      0%      Default |
|                                         |                        |                  N/A |
+-----------------------------------------+------------------------+----------------------+
                                                                                         
+-----------------------------------------------------------------------------------------+
| Processes:                                                                              |
|  GPU   GI   CI        PID   Type   Process name                              GPU Memory |
|        ID   ID                                                               Usage      |
|=========================================================================================|
|  No running processes found                                                             |
+-----------------------------------------------------------------------------------------+

/usr/bin/nvidia-smi
Starting combined robustness experiment...



================================================================================
STARTING COMBINED SWEEP FOR MNIST
================================================================================


################################################################################
COMBINED 3D PARAMETER SWEEP - MNIST
################################################################################

Parameter Space:
  Number of Labels: [100, 600, 1000, 3000]
  Corruption Rates: [0.0, 0.01, 0.1, 0.2, 0.5]
  Alpha Values: [50.0]
  Random Seeds: 10 seeds (42 to 51)
  Total Experiments: 200


Running 20 configurations, each with 10 seeds...


================================================================================
Dataset: MNIST | Labels: 100% | Corruption: 0.0% | Alpha: 50.00 | Seed: 42
Device: cuda
================================================================================

Using single GPU
Using single GPU
