=========================================
SSVAE Combined Robustness Experiment
=========================================
Job ID: 244043
Node: c2-g4-01
Start time: Fri 16 Jan 10:20:41 GMT 2026

Python location: /scratch/shared/beegfs/dhoffmann/miniconda3/envs/vae/bin/python
Python version: Python 3.10.19

Checking GPU availability...
Fri Jan 16 10:20:48 2026       
+-----------------------------------------------------------------------------------------+
| NVIDIA-SMI 550.163.01             Driver Version: 550.163.01     CUDA Version: 12.4     |
|-----------------------------------------+------------------------+----------------------+
| GPU  Name                 Persistence-M | Bus-Id          Disp.A | Volatile Uncorr. ECC |
| Fan  Temp   Perf          Pwr:Usage/Cap |           Memory-Usage | GPU-Util  Compute M. |
|                                         |                        |               MIG M. |
|=========================================+========================+======================|
|   0  Tesla P40                      Off |   00000000:3F:00.0 Off |                    0 |
| N/A   36C    P8              9W /  250W |       0MiB /  23040MiB |      0%      Default |
|                                         |                        |                  N/A |
+-----------------------------------------+------------------------+----------------------+
                                                                                         
+-----------------------------------------------------------------------------------------+
| Processes:                                                                              |
|  GPU   GI   CI        PID   Type   Process name                              GPU Memory |
|        ID   ID                                                               Usage      |
|=========================================================================================|
|  No running processes found                                                             |
+-----------------------------------------------------------------------------------------+

/usr/bin/nvidia-smi
Starting combined robustness experiment...



================================================================================
STARTING COMBINED SWEEP FOR MNIST
================================================================================


################################################################################
COMBINED 3D PARAMETER SWEEP - MNIST
################################################################################

Parameter Space:
  Number of Labels: [10, 50, 100, 600, 1000, 3000, 10000]
  Corruption Rates: [0.0, 0.01, 0.05, 0.1, 0.2, 0.4, 0.8]
  Alpha Values: [50.0]
  Random Seeds: 10 seeds (42 to 51)
  Total Experiments: 490


Running 49 configurations, each with 10 seeds...


================================================================================
Dataset: MNIST | Labels: 10% | Corruption: 0.0% | Alpha: 50.00 | Seed: 42
Device: cuda
================================================================================


Final evaluation...
Computing disentanglement metrics...

Results:
  Test Accuracy: 0.103
  Test ELBO: -8.4363e-01
  Beta-VAE Score: 0.2222
  Factor-VAE Score: 0.6339
  MIG Score: 0.0842

================================================================================
Dataset: MNIST | Labels: 10% | Corruption: 0.0% | Alpha: 50.00 | Seed: 43
Device: cuda
================================================================================


Final evaluation...
Computing disentanglement metrics...

Results:
  Test Accuracy: 0.030
  Test ELBO: -8.3445e-01
  Beta-VAE Score: 0.2200
  Factor-VAE Score: 0.5406
  MIG Score: 0.0865

================================================================================
Dataset: MNIST | Labels: 10% | Corruption: 0.0% | Alpha: 50.00 | Seed: 44
Device: cuda
================================================================================


Final evaluation...
Computing disentanglement metrics...

Results:
  Test Accuracy: 0.622
  Test ELBO: -8.0511e-01
  Beta-VAE Score: 0.1311
  Factor-VAE Score: 0.2672
  MIG Score: 0.0094

================================================================================
Dataset: MNIST | Labels: 10% | Corruption: 0.0% | Alpha: 50.00 | Seed: 45
Device: cuda
================================================================================


Final evaluation...
Computing disentanglement metrics...

Results:
  Test Accuracy: 0.064
  Test ELBO: -8.1921e-01
  Beta-VAE Score: 0.1844
  Factor-VAE Score: 0.5080
  MIG Score: 0.0076

================================================================================
Dataset: MNIST | Labels: 10% | Corruption: 0.0% | Alpha: 50.00 | Seed: 46
Device: cuda
================================================================================


Final evaluation...
Computing disentanglement metrics...

Results:
  Test Accuracy: 0.087
  Test ELBO: -8.2173e-01
  Beta-VAE Score: 0.1778
  Factor-VAE Score: 0.5057
  MIG Score: 0.0406

================================================================================
Dataset: MNIST | Labels: 10% | Corruption: 0.0% | Alpha: 50.00 | Seed: 47
Device: cuda
================================================================================


Final evaluation...
Computing disentanglement metrics...

Results:
  Test Accuracy: 0.061
  Test ELBO: -8.2801e-01
  Beta-VAE Score: 0.2111
  Factor-VAE Score: 0.5947
  MIG Score: 0.1904

================================================================================
Dataset: MNIST | Labels: 10% | Corruption: 0.0% | Alpha: 50.00 | Seed: 48
Device: cuda
================================================================================


Final evaluation...
Computing disentanglement metrics...

Results:
  Test Accuracy: 0.098
  Test ELBO: -8.1512e-01
  Beta-VAE Score: 0.1644
  Factor-VAE Score: 0.4960
  MIG Score: 0.1076

================================================================================
Dataset: MNIST | Labels: 10% | Corruption: 0.0% | Alpha: 50.00 | Seed: 49
Device: cuda
================================================================================


Final evaluation...
Computing disentanglement metrics...

Results:
  Test Accuracy: 0.076
  Test ELBO: -8.3478e-01
  Beta-VAE Score: 0.1822
  Factor-VAE Score: 0.5517
  MIG Score: 0.0016

================================================================================
Dataset: MNIST | Labels: 10% | Corruption: 0.0% | Alpha: 50.00 | Seed: 50
Device: cuda
================================================================================


Final evaluation...
Computing disentanglement metrics...

Results:
  Test Accuracy: 0.103
  Test ELBO: -8.4109e-01
  Beta-VAE Score: 0.2056
  Factor-VAE Score: 0.6555
  MIG Score: 0.0830

================================================================================
Dataset: MNIST | Labels: 10% | Corruption: 0.0% | Alpha: 50.00 | Seed: 51
Device: cuda
================================================================================


Final evaluation...
Computing disentanglement metrics...

Results:
  Test Accuracy: 0.067
  Test ELBO: -8.2317e-01
  Beta-VAE Score: 0.1989
  Factor-VAE Score: 0.5176
  MIG Score: 0.1331

✓ Checkpoint saved: ../results/combined/checkpoints/MNIST_lf10_cr0.00_a50.00.json

================================================================================
Dataset: MNIST | Labels: 10% | Corruption: 1.0% | Alpha: 50.00 | Seed: 42
Device: cuda
================================================================================


Final evaluation...
Computing disentanglement metrics...

Results:
  Test Accuracy: 0.103
  Test ELBO: -8.4363e-01
  Beta-VAE Score: 0.2222
  Factor-VAE Score: 0.6339
  MIG Score: 0.0842

================================================================================
Dataset: MNIST | Labels: 10% | Corruption: 1.0% | Alpha: 50.00 | Seed: 43
Device: cuda
================================================================================

