=========================================
SSVAE Combined Robustness Experiment
=========================================
Job ID: 255639
Node: c2-g4-02
Start time: Sun Jan 18 09:27:32 GMT 2026

Python location: /scratch/shared/beegfs/dhoffmann/miniconda3/envs/vae/bin/python
Python version: Python 3.10.19

Checking GPU availability...
Sun Jan 18 09:27:38 2026       
+-----------------------------------------------------------------------------------------+
| NVIDIA-SMI 550.163.01             Driver Version: 550.163.01     CUDA Version: 12.4     |
|-----------------------------------------+------------------------+----------------------+
| GPU  Name                 Persistence-M | Bus-Id          Disp.A | Volatile Uncorr. ECC |
| Fan  Temp   Perf          Pwr:Usage/Cap |           Memory-Usage | GPU-Util  Compute M. |
|                                         |                        |               MIG M. |
|=========================================+========================+======================|
|   0  Tesla P40                      Off |   00000000:3E:00.0 Off |                    0 |
| N/A   28C    P8              9W /  250W |       0MiB /  23040MiB |      0%      Default |
|                                         |                        |                  N/A |
+-----------------------------------------+------------------------+----------------------+
                                                                                         
+-----------------------------------------------------------------------------------------+
| Processes:                                                                              |
|  GPU   GI   CI        PID   Type   Process name                              GPU Memory |
|        ID   ID                                                               Usage      |
|=========================================================================================|
|  No running processes found                                                             |
+-----------------------------------------------------------------------------------------+

/usr/bin/nvidia-smi
Starting combined robustness experiment...



================================================================================
STARTING COMBINED SWEEP FOR MNIST
================================================================================


################################################################################
COMBINED 3D PARAMETER SWEEP - MNIST
################################################################################

Parameter Space:
  Number of Labels: [100, 600, 1000, 3000]
  Corruption Rates: [0.0, 0.01, 0.1, 0.2, 0.5, 1.0]
  Alpha Values: [50.0]
  Random Seeds: 10 seeds (42 to 51)
  Total Experiments: 240


Running 24 configurations, each with 10 seeds...


Loading checkpoint for config: Labels=100%, Corruption=0.0%, Alpha=50.00

Loading checkpoint for config: Labels=100%, Corruption=1.0%, Alpha=50.00

Loading checkpoint for config: Labels=100%, Corruption=10.0%, Alpha=50.00

Loading checkpoint for config: Labels=100%, Corruption=20.0%, Alpha=50.00

Loading checkpoint for config: Labels=100%, Corruption=50.0%, Alpha=50.00

================================================================================
Dataset: MNIST | Labels: 100% | Corruption: 100.0% | Alpha: 50.00 | Seed: 42
Device: cuda
================================================================================


Final evaluation...
Computing disentanglement metrics...

Results:
  Test Accuracy: 0.087
  Test ELBO: -4.2817e-01
  Beta-VAE Score: 0.2078
  Factor-VAE Score: 0.6002
  MIG Score: 0.0499

================================================================================
Dataset: MNIST | Labels: 100% | Corruption: 100.0% | Alpha: 50.00 | Seed: 43
Device: cuda
================================================================================


Final evaluation...
Computing disentanglement metrics...

Results:
  Test Accuracy: 0.031
  Test ELBO: -4.2437e-01
  Beta-VAE Score: 0.1856
  Factor-VAE Score: 0.5723
  MIG Score: 0.0501

================================================================================
Dataset: MNIST | Labels: 100% | Corruption: 100.0% | Alpha: 50.00 | Seed: 44
Device: cuda
================================================================================


Final evaluation...
Computing disentanglement metrics...

Results:
  Test Accuracy: 0.098
  Test ELBO: -4.2978e-01
  Beta-VAE Score: 0.1689
  Factor-VAE Score: 0.6405
  MIG Score: 0.1517

================================================================================
Dataset: MNIST | Labels: 100% | Corruption: 100.0% | Alpha: 50.00 | Seed: 45
Device: cuda
================================================================================

