=========================================
SSVAE Combined Robustness Experiment
=========================================
Job ID: 255644
Node: c2-g4-02
Start time: Sun Jan 18 09:56:32 GMT 2026

Python location: /scratch/shared/beegfs/dhoffmann/miniconda3/envs/vae/bin/python
Python version: Python 3.10.19

Checking GPU availability...
Sun Jan 18 09:56:37 2026       
+-----------------------------------------------------------------------------------------+
| NVIDIA-SMI 550.163.01             Driver Version: 550.163.01     CUDA Version: 12.4     |
|-----------------------------------------+------------------------+----------------------+
| GPU  Name                 Persistence-M | Bus-Id          Disp.A | Volatile Uncorr. ECC |
| Fan  Temp   Perf          Pwr:Usage/Cap |           Memory-Usage | GPU-Util  Compute M. |
|                                         |                        |               MIG M. |
|=========================================+========================+======================|
|   0  Tesla P40                      Off |   00000000:3F:00.0 Off |                    0 |
| N/A   31C    P8              9W /  250W |       0MiB /  23040MiB |      0%      Default |
|                                         |                        |                  N/A |
+-----------------------------------------+------------------------+----------------------+
                                                                                         
+-----------------------------------------------------------------------------------------+
| Processes:                                                                              |
|  GPU   GI   CI        PID   Type   Process name                              GPU Memory |
|        ID   ID                                                               Usage      |
|=========================================================================================|
|  No running processes found                                                             |
+-----------------------------------------------------------------------------------------+

/usr/bin/nvidia-smi
Starting combined robustness experiment...



================================================================================
STARTING COMBINED SWEEP FOR MNIST
================================================================================


################################################################################
COMBINED 3D PARAMETER SWEEP - MNIST
################################################################################

Parameter Space:
  Number of Labels: [100, 600, 1000, 3000]
  Corruption Rates: [0.0]
  Alpha Values: [0.1, 0.5, 1.0, 10.0, 25.0, 50.0, 75.0, 100.0]
  Random Seeds: 10 seeds (42 to 51)
  Total Experiments: 320


Running 32 configurations, each with 10 seeds...


================================================================================
Dataset: MNIST | Labels: 100% | Corruption: 0.0% | Alpha: 0.10 | Seed: 42
Device: cuda
================================================================================


Final evaluation...
Computing disentanglement metrics...

Results:
  Test Accuracy: 0.335
  Test ELBO: -4.2316e-01
  Beta-VAE Score: 0.1922
  Factor-VAE Score: 0.5381
  MIG Score: 0.0159

================================================================================
Dataset: MNIST | Labels: 100% | Corruption: 0.0% | Alpha: 0.10 | Seed: 43
Device: cuda
================================================================================


Final evaluation...
Computing disentanglement metrics...

Results:
  Test Accuracy: 0.031
  Test ELBO: -4.2437e-01
  Beta-VAE Score: 0.1856
  Factor-VAE Score: 0.5723
  MIG Score: 0.0501

================================================================================
Dataset: MNIST | Labels: 100% | Corruption: 0.0% | Alpha: 0.10 | Seed: 44
Device: cuda
================================================================================


Final evaluation...
Computing disentanglement metrics...

Results:
  Test Accuracy: 0.098
  Test ELBO: -4.2978e-01
  Beta-VAE Score: 0.1689
  Factor-VAE Score: 0.6405
  MIG Score: 0.1517

================================================================================
Dataset: MNIST | Labels: 100% | Corruption: 0.0% | Alpha: 0.10 | Seed: 45
Device: cuda
================================================================================


Final evaluation...
Computing disentanglement metrics...

Results:
  Test Accuracy: 0.038
  Test ELBO: -4.2080e-01
  Beta-VAE Score: 0.1633
  Factor-VAE Score: 0.5156
  MIG Score: 0.0975

================================================================================
Dataset: MNIST | Labels: 100% | Corruption: 0.0% | Alpha: 0.10 | Seed: 46
Device: cuda
================================================================================


Final evaluation...
Computing disentanglement metrics...

Results:
  Test Accuracy: 0.384
  Test ELBO: -4.1161e-01
  Beta-VAE Score: 0.1800
  Factor-VAE Score: 0.4283
  MIG Score: 0.1981

================================================================================
Dataset: MNIST | Labels: 100% | Corruption: 0.0% | Alpha: 0.10 | Seed: 47
Device: cuda
================================================================================


Final evaluation...
Computing disentanglement metrics...

Results:
  Test Accuracy: 0.260
  Test ELBO: -4.1686e-01
  Beta-VAE Score: 0.1656
  Factor-VAE Score: 0.5196
  MIG Score: 0.0276

================================================================================
Dataset: MNIST | Labels: 100% | Corruption: 0.0% | Alpha: 0.10 | Seed: 48
Device: cuda
================================================================================


Final evaluation...
Computing disentanglement metrics...

Results:
  Test Accuracy: 0.151
  Test ELBO: -4.1521e-01
  Beta-VAE Score: 0.1722
  Factor-VAE Score: 0.4990
  MIG Score: 0.1066

================================================================================
Dataset: MNIST | Labels: 100% | Corruption: 0.0% | Alpha: 0.10 | Seed: 49
Device: cuda
================================================================================


Final evaluation...
Computing disentanglement metrics...

Results:
  Test Accuracy: 0.082
  Test ELBO: -4.2409e-01
  Beta-VAE Score: 0.1833
  Factor-VAE Score: 0.6040
  MIG Score: 0.0222

================================================================================
Dataset: MNIST | Labels: 100% | Corruption: 0.0% | Alpha: 0.10 | Seed: 50
Device: cuda
================================================================================


Final evaluation...
Computing disentanglement metrics...

Results:
  Test Accuracy: 0.384
  Test ELBO: -4.2159e-01
  Beta-VAE Score: 0.1578
  Factor-VAE Score: 0.5648
  MIG Score: 0.0284

================================================================================
Dataset: MNIST | Labels: 100% | Corruption: 0.0% | Alpha: 0.10 | Seed: 51
Device: cuda
================================================================================


Final evaluation...
Computing disentanglement metrics...

Results:
  Test Accuracy: 0.096
  Test ELBO: -4.2491e-01
  Beta-VAE Score: 0.2100
  Factor-VAE Score: 0.6064
  MIG Score: 0.1208

✓ Checkpoint saved: ../results/combined/checkpoints/MNIST_lf100_cr0.00_a0.10.json

================================================================================
Dataset: MNIST | Labels: 100% | Corruption: 0.0% | Alpha: 0.50 | Seed: 42
Device: cuda
================================================================================


Final evaluation...
Computing disentanglement metrics...

Results:
  Test Accuracy: 0.496
  Test ELBO: -4.1655e-01
  Beta-VAE Score: 0.1911
  Factor-VAE Score: 0.4741
  MIG Score: 0.0074

================================================================================
Dataset: MNIST | Labels: 100% | Corruption: 0.0% | Alpha: 0.50 | Seed: 43
Device: cuda
================================================================================


Final evaluation...
Computing disentanglement metrics...

Results:
  Test Accuracy: 0.031
  Test ELBO: -4.2437e-01
  Beta-VAE Score: 0.1856
  Factor-VAE Score: 0.5723
  MIG Score: 0.0501

================================================================================
Dataset: MNIST | Labels: 100% | Corruption: 0.0% | Alpha: 0.50 | Seed: 44
Device: cuda
================================================================================


Final evaluation...
Computing disentanglement metrics...

Results:
  Test Accuracy: 0.098
  Test ELBO: -4.2978e-01
  Beta-VAE Score: 0.1689
  Factor-VAE Score: 0.6405
  MIG Score: 0.1517

================================================================================
Dataset: MNIST | Labels: 100% | Corruption: 0.0% | Alpha: 0.50 | Seed: 45
Device: cuda
================================================================================


Final evaluation...
Computing disentanglement metrics...

Results:
  Test Accuracy: 0.038
  Test ELBO: -4.2080e-01
  Beta-VAE Score: 0.1633
  Factor-VAE Score: 0.5156
  MIG Score: 0.0975

================================================================================
Dataset: MNIST | Labels: 100% | Corruption: 0.0% | Alpha: 0.50 | Seed: 46
Device: cuda
================================================================================


Final evaluation...
Computing disentanglement metrics...

Results:
  Test Accuracy: 0.384
  Test ELBO: -4.1133e-01
  Beta-VAE Score: 0.1533
  Factor-VAE Score: 0.4106
  MIG Score: 0.1859

================================================================================
Dataset: MNIST | Labels: 100% | Corruption: 0.0% | Alpha: 0.50 | Seed: 47
Device: cuda
================================================================================


Final evaluation...
Computing disentanglement metrics...

Results:
  Test Accuracy: 0.337
  Test ELBO: -4.1289e-01
  Beta-VAE Score: 0.1656
  Factor-VAE Score: 0.4580
  MIG Score: 0.0023

================================================================================
Dataset: MNIST | Labels: 100% | Corruption: 0.0% | Alpha: 0.50 | Seed: 48
Device: cuda
================================================================================


Final evaluation...
Computing disentanglement metrics...

Results:
  Test Accuracy: 0.245
  Test ELBO: -4.1194e-01
  Beta-VAE Score: 0.1578
  Factor-VAE Score: 0.4829
  MIG Score: 0.1822

================================================================================
Dataset: MNIST | Labels: 100% | Corruption: 0.0% | Alpha: 0.50 | Seed: 49
Device: cuda
================================================================================


Final evaluation...
Computing disentanglement metrics...

Results:
  Test Accuracy: 0.082
  Test ELBO: -4.2409e-01
  Beta-VAE Score: 0.1833
  Factor-VAE Score: 0.6040
  MIG Score: 0.0222

================================================================================
Dataset: MNIST | Labels: 100% | Corruption: 0.0% | Alpha: 0.50 | Seed: 50
Device: cuda
================================================================================


Final evaluation...
Computing disentanglement metrics...

Results:
  Test Accuracy: 0.459
  Test ELBO: -4.1616e-01
  Beta-VAE Score: 0.1433
  Factor-VAE Score: 0.4964
  MIG Score: 0.0046

================================================================================
Dataset: MNIST | Labels: 100% | Corruption: 0.0% | Alpha: 0.50 | Seed: 51
Device: cuda
================================================================================


Final evaluation...
Computing disentanglement metrics...

Results:
  Test Accuracy: 0.096
  Test ELBO: -4.2491e-01
  Beta-VAE Score: 0.2100
  Factor-VAE Score: 0.6064
  MIG Score: 0.1208

✓ Checkpoint saved: ../results/combined/checkpoints/MNIST_lf100_cr0.00_a0.50.json

================================================================================
Dataset: MNIST | Labels: 100% | Corruption: 0.0% | Alpha: 1.00 | Seed: 42
Device: cuda
================================================================================


Final evaluation...
Computing disentanglement metrics...

Results:
  Test Accuracy: 0.556
  Test ELBO: -4.1504e-01
  Beta-VAE Score: 0.1811
  Factor-VAE Score: 0.4309
  MIG Score: 0.0158

================================================================================
Dataset: MNIST | Labels: 100% | Corruption: 0.0% | Alpha: 1.00 | Seed: 43
Device: cuda
================================================================================


Final evaluation...
Computing disentanglement metrics...

Results:
  Test Accuracy: 0.031
  Test ELBO: -4.2437e-01
  Beta-VAE Score: 0.1856
  Factor-VAE Score: 0.5723
  MIG Score: 0.0501

================================================================================
Dataset: MNIST | Labels: 100% | Corruption: 0.0% | Alpha: 1.00 | Seed: 44
Device: cuda
================================================================================


Final evaluation...
Computing disentanglement metrics...

Results:
  Test Accuracy: 0.098
  Test ELBO: -4.2978e-01
  Beta-VAE Score: 0.1689
  Factor-VAE Score: 0.6405
  MIG Score: 0.1517

================================================================================
Dataset: MNIST | Labels: 100% | Corruption: 0.0% | Alpha: 1.00 | Seed: 45
Device: cuda
================================================================================


Final evaluation...
Computing disentanglement metrics...

Results:
  Test Accuracy: 0.038
  Test ELBO: -4.2080e-01
  Beta-VAE Score: 0.1633
  Factor-VAE Score: 0.5156
  MIG Score: 0.0975

================================================================================
Dataset: MNIST | Labels: 100% | Corruption: 0.0% | Alpha: 1.00 | Seed: 46
Device: cuda
================================================================================


Final evaluation...
Computing disentanglement metrics...

Results:
  Test Accuracy: 0.451
  Test ELBO: -4.1083e-01
  Beta-VAE Score: 0.1756
  Factor-VAE Score: 0.3702
  MIG Score: 0.2073

================================================================================
Dataset: MNIST | Labels: 100% | Corruption: 0.0% | Alpha: 1.00 | Seed: 47
Device: cuda
================================================================================


Final evaluation...
Computing disentanglement metrics...

Results:
  Test Accuracy: 0.353
  Test ELBO: -4.1182e-01
  Beta-VAE Score: 0.1600
  Factor-VAE Score: 0.4510
  MIG Score: 0.0080

================================================================================
Dataset: MNIST | Labels: 100% | Corruption: 0.0% | Alpha: 1.00 | Seed: 48
Device: cuda
================================================================================


Final evaluation...
Computing disentanglement metrics...

Results:
  Test Accuracy: 0.247
  Test ELBO: -4.1159e-01
  Beta-VAE Score: 0.1689
  Factor-VAE Score: 0.4733
  MIG Score: 0.2011

================================================================================
Dataset: MNIST | Labels: 100% | Corruption: 0.0% | Alpha: 1.00 | Seed: 49
Device: cuda
================================================================================


Final evaluation...
Computing disentanglement metrics...

Results:
  Test Accuracy: 0.082
  Test ELBO: -4.2409e-01
  Beta-VAE Score: 0.1833
  Factor-VAE Score: 0.6040
  MIG Score: 0.0222

================================================================================
Dataset: MNIST | Labels: 100% | Corruption: 0.0% | Alpha: 1.00 | Seed: 50
Device: cuda
================================================================================


Final evaluation...
Computing disentanglement metrics...

Results:
  Test Accuracy: 0.492
  Test ELBO: -4.1506e-01
  Beta-VAE Score: 0.1400
  Factor-VAE Score: 0.4608
  MIG Score: 0.0100

================================================================================
Dataset: MNIST | Labels: 100% | Corruption: 0.0% | Alpha: 1.00 | Seed: 51
Device: cuda
================================================================================


Final evaluation...
Computing disentanglement metrics...

Results:
  Test Accuracy: 0.096
  Test ELBO: -4.2491e-01
  Beta-VAE Score: 0.2100
  Factor-VAE Score: 0.6064
  MIG Score: 0.1208

✓ Checkpoint saved: ../results/combined/checkpoints/MNIST_lf100_cr0.00_a1.00.json

================================================================================
Dataset: MNIST | Labels: 100% | Corruption: 0.0% | Alpha: 10.00 | Seed: 42
Device: cuda
================================================================================


Final evaluation...
Computing disentanglement metrics...

Results:
  Test Accuracy: 0.721
  Test ELBO: -4.0973e-01
  Beta-VAE Score: 0.1344
  Factor-VAE Score: 0.2438
  MIG Score: 0.0292

================================================================================
Dataset: MNIST | Labels: 100% | Corruption: 0.0% | Alpha: 10.00 | Seed: 43
Device: cuda
================================================================================


Final evaluation...
Computing disentanglement metrics...

Results:
  Test Accuracy: 0.031
  Test ELBO: -4.2437e-01
  Beta-VAE Score: 0.1856
  Factor-VAE Score: 0.5723
  MIG Score: 0.0501

================================================================================
Dataset: MNIST | Labels: 100% | Corruption: 0.0% | Alpha: 10.00 | Seed: 44
Device: cuda
================================================================================


Final evaluation...
Computing disentanglement metrics...

Results:
  Test Accuracy: 0.098
  Test ELBO: -4.2978e-01
  Beta-VAE Score: 0.1689
  Factor-VAE Score: 0.6405
  MIG Score: 0.1517

================================================================================
Dataset: MNIST | Labels: 100% | Corruption: 0.0% | Alpha: 10.00 | Seed: 45
Device: cuda
================================================================================


Final evaluation...
Computing disentanglement metrics...

Results:
  Test Accuracy: 0.038
  Test ELBO: -4.2080e-01
  Beta-VAE Score: 0.1633
  Factor-VAE Score: 0.5156
  MIG Score: 0.0975

================================================================================
Dataset: MNIST | Labels: 100% | Corruption: 0.0% | Alpha: 10.00 | Seed: 46
Device: cuda
================================================================================


Final evaluation...
Computing disentanglement metrics...

Results:
  Test Accuracy: 0.624
  Test ELBO: -4.0956e-01
  Beta-VAE Score: 0.1578
  Factor-VAE Score: 0.2526
  MIG Score: 0.1511

================================================================================
Dataset: MNIST | Labels: 100% | Corruption: 0.0% | Alpha: 10.00 | Seed: 47
Device: cuda
================================================================================


Final evaluation...
Computing disentanglement metrics...

Results:
  Test Accuracy: 0.440
  Test ELBO: -4.1121e-01
  Beta-VAE Score: 0.1400
  Factor-VAE Score: 0.3578
  MIG Score: 0.0058

================================================================================
Dataset: MNIST | Labels: 100% | Corruption: 0.0% | Alpha: 10.00 | Seed: 48
Device: cuda
================================================================================


Final evaluation...
Computing disentanglement metrics...

Results:
  Test Accuracy: 0.379
  Test ELBO: -4.1128e-01
  Beta-VAE Score: 0.1522
  Factor-VAE Score: 0.3801
  MIG Score: 0.1747

================================================================================
Dataset: MNIST | Labels: 100% | Corruption: 0.0% | Alpha: 10.00 | Seed: 49
Device: cuda
================================================================================


Final evaluation...
Computing disentanglement metrics...

Results:
  Test Accuracy: 0.082
  Test ELBO: -4.2409e-01
  Beta-VAE Score: 0.1833
  Factor-VAE Score: 0.6040
  MIG Score: 0.0222

================================================================================
Dataset: MNIST | Labels: 100% | Corruption: 0.0% | Alpha: 10.00 | Seed: 50
Device: cuda
================================================================================


Final evaluation...
Computing disentanglement metrics...

Results:
  Test Accuracy: 0.429
  Test ELBO: -4.1018e-01
  Beta-VAE Score: 0.1367
  Factor-VAE Score: 0.3596
  MIG Score: 0.0403

================================================================================
Dataset: MNIST | Labels: 100% | Corruption: 0.0% | Alpha: 10.00 | Seed: 51
Device: cuda
================================================================================


Final evaluation...
Computing disentanglement metrics...

Results:
  Test Accuracy: 0.096
  Test ELBO: -4.2491e-01
  Beta-VAE Score: 0.2100
  Factor-VAE Score: 0.6064
  MIG Score: 0.1208

✓ Checkpoint saved: ../results/combined/checkpoints/MNIST_lf100_cr0.00_a10.00.json

================================================================================
Dataset: MNIST | Labels: 100% | Corruption: 0.0% | Alpha: 25.00 | Seed: 42
Device: cuda
================================================================================


Final evaluation...
Computing disentanglement metrics...

Results:
  Test Accuracy: 0.602
  Test ELBO: -4.0910e-01
  Beta-VAE Score: 0.1233
  Factor-VAE Score: 0.2480
  MIG Score: 0.0371

================================================================================
Dataset: MNIST | Labels: 100% | Corruption: 0.0% | Alpha: 25.00 | Seed: 43
Device: cuda
================================================================================


Final evaluation...
Computing disentanglement metrics...

Results:
  Test Accuracy: 0.031
  Test ELBO: -4.2437e-01
  Beta-VAE Score: 0.1856
  Factor-VAE Score: 0.5723
  MIG Score: 0.0501

================================================================================
Dataset: MNIST | Labels: 100% | Corruption: 0.0% | Alpha: 25.00 | Seed: 44
Device: cuda
================================================================================


Final evaluation...
Computing disentanglement metrics...

Results:
  Test Accuracy: 0.098
  Test ELBO: -4.2978e-01
  Beta-VAE Score: 0.1689
  Factor-VAE Score: 0.6405
  MIG Score: 0.1517

================================================================================
Dataset: MNIST | Labels: 100% | Corruption: 0.0% | Alpha: 25.00 | Seed: 45
Device: cuda
================================================================================


Final evaluation...
Computing disentanglement metrics...

Results:
  Test Accuracy: 0.038
  Test ELBO: -4.2080e-01
  Beta-VAE Score: 0.1633
  Factor-VAE Score: 0.5156
  MIG Score: 0.0975

================================================================================
Dataset: MNIST | Labels: 100% | Corruption: 0.0% | Alpha: 25.00 | Seed: 46
Device: cuda
================================================================================


Final evaluation...
Computing disentanglement metrics...

Results:
  Test Accuracy: 0.786
  Test ELBO: -4.0862e-01
  Beta-VAE Score: 0.1167
  Factor-VAE Score: 0.1459
  MIG Score: 0.1075

================================================================================
Dataset: MNIST | Labels: 100% | Corruption: 0.0% | Alpha: 25.00 | Seed: 47
Device: cuda
================================================================================


Final evaluation...
Computing disentanglement metrics...

Results:
  Test Accuracy: 0.560
  Test ELBO: -4.1156e-01
  Beta-VAE Score: 0.1189
  Factor-VAE Score: 0.2858
  MIG Score: 0.0143

================================================================================
Dataset: MNIST | Labels: 100% | Corruption: 0.0% | Alpha: 25.00 | Seed: 48
Device: cuda
================================================================================


Final evaluation...
Computing disentanglement metrics...

Results:
  Test Accuracy: 0.617
  Test ELBO: -4.1052e-01
  Beta-VAE Score: 0.1400
  Factor-VAE Score: 0.2986
  MIG Score: 0.1543

================================================================================
Dataset: MNIST | Labels: 100% | Corruption: 0.0% | Alpha: 25.00 | Seed: 49
Device: cuda
================================================================================


Final evaluation...
Computing disentanglement metrics...

Results:
  Test Accuracy: 0.082
  Test ELBO: -4.2409e-01
  Beta-VAE Score: 0.1833
  Factor-VAE Score: 0.6040
  MIG Score: 0.0222

================================================================================
Dataset: MNIST | Labels: 100% | Corruption: 0.0% | Alpha: 25.00 | Seed: 50
Device: cuda
================================================================================


Final evaluation...
Computing disentanglement metrics...

Results:
  Test Accuracy: 0.573
  Test ELBO: -4.1027e-01
  Beta-VAE Score: 0.1311
  Factor-VAE Score: 0.2635
  MIG Score: 0.0203

================================================================================
Dataset: MNIST | Labels: 100% | Corruption: 0.0% | Alpha: 25.00 | Seed: 51
Device: cuda
================================================================================


Final evaluation...
Computing disentanglement metrics...

Results:
  Test Accuracy: 0.096
  Test ELBO: -4.2491e-01
  Beta-VAE Score: 0.2100
  Factor-VAE Score: 0.6064
  MIG Score: 0.1208

✓ Checkpoint saved: ../results/combined/checkpoints/MNIST_lf100_cr0.00_a25.00.json

Loading checkpoint for config: Labels=100%, Corruption=0.0%, Alpha=50.00

================================================================================
Dataset: MNIST | Labels: 100% | Corruption: 0.0% | Alpha: 75.00 | Seed: 42
Device: cuda
================================================================================


Final evaluation...
Computing disentanglement metrics...

Results:
  Test Accuracy: 0.806
  Test ELBO: -4.0975e-01
  Beta-VAE Score: 0.1344
  Factor-VAE Score: 0.1510
  MIG Score: 0.0149

================================================================================
Dataset: MNIST | Labels: 100% | Corruption: 0.0% | Alpha: 75.00 | Seed: 43
Device: cuda
================================================================================


Final evaluation...
Computing disentanglement metrics...

Results:
  Test Accuracy: 0.031
  Test ELBO: -4.2437e-01
  Beta-VAE Score: 0.1856
  Factor-VAE Score: 0.5723
  MIG Score: 0.0501

================================================================================
Dataset: MNIST | Labels: 100% | Corruption: 0.0% | Alpha: 75.00 | Seed: 44
Device: cuda
================================================================================


Final evaluation...
Computing disentanglement metrics...

Results:
  Test Accuracy: 0.098
  Test ELBO: -4.2978e-01
  Beta-VAE Score: 0.1689
  Factor-VAE Score: 0.6405
  MIG Score: 0.1517

================================================================================
Dataset: MNIST | Labels: 100% | Corruption: 0.0% | Alpha: 75.00 | Seed: 45
Device: cuda
================================================================================


Final evaluation...
Computing disentanglement metrics...

Results:
  Test Accuracy: 0.038
  Test ELBO: -4.2080e-01
  Beta-VAE Score: 0.1633
  Factor-VAE Score: 0.5156
  MIG Score: 0.0975

================================================================================
Dataset: MNIST | Labels: 100% | Corruption: 0.0% | Alpha: 75.00 | Seed: 46
Device: cuda
================================================================================


Final evaluation...
Computing disentanglement metrics...

Results:
  Test Accuracy: 0.896
  Test ELBO: -4.0824e-01
  Beta-VAE Score: 0.0767
  Factor-VAE Score: 0.0783
  MIG Score: 0.0984

================================================================================
Dataset: MNIST | Labels: 100% | Corruption: 0.0% | Alpha: 75.00 | Seed: 47
Device: cuda
================================================================================


Final evaluation...
Computing disentanglement metrics...

Results:
  Test Accuracy: 0.752
  Test ELBO: -4.1012e-01
  Beta-VAE Score: 0.1278
  Factor-VAE Score: 0.1812
  MIG Score: 0.0130

================================================================================
Dataset: MNIST | Labels: 100% | Corruption: 0.0% | Alpha: 75.00 | Seed: 48
Device: cuda
================================================================================


Final evaluation...
Computing disentanglement metrics...

Results:
  Test Accuracy: 0.816
  Test ELBO: -4.0912e-01
  Beta-VAE Score: 0.1178
  Factor-VAE Score: 0.1606
  MIG Score: 0.0747

================================================================================
Dataset: MNIST | Labels: 100% | Corruption: 0.0% | Alpha: 75.00 | Seed: 49
Device: cuda
================================================================================


Final evaluation...
Computing disentanglement metrics...

Results:
  Test Accuracy: 0.082
  Test ELBO: -4.2409e-01
  Beta-VAE Score: 0.1833
  Factor-VAE Score: 0.6040
  MIG Score: 0.0222

================================================================================
Dataset: MNIST | Labels: 100% | Corruption: 0.0% | Alpha: 75.00 | Seed: 50
Device: cuda
================================================================================


Final evaluation...
Computing disentanglement metrics...

Results:
  Test Accuracy: 0.827
  Test ELBO: -4.1026e-01
  Beta-VAE Score: 0.1178
  Factor-VAE Score: 0.1560
  MIG Score: 0.0153

================================================================================
Dataset: MNIST | Labels: 100% | Corruption: 0.0% | Alpha: 75.00 | Seed: 51
Device: cuda
================================================================================

