=========================================
SSVAE Combined Robustness Experiment
=========================================
Job ID: 249845
Node: c2-g4-01
Start time: Sat 17 Jan 09:30:51 GMT 2026

Python location: /scratch/shared/beegfs/dhoffmann/miniconda3/envs/vae/bin/python
Python version: Python 3.10.19

Checking GPU availability...
Sat Jan 17 09:30:56 2026       
+-----------------------------------------------------------------------------------------+
| NVIDIA-SMI 550.163.01             Driver Version: 550.163.01     CUDA Version: 12.4     |
|-----------------------------------------+------------------------+----------------------+
| GPU  Name                 Persistence-M | Bus-Id          Disp.A | Volatile Uncorr. ECC |
| Fan  Temp   Perf          Pwr:Usage/Cap |           Memory-Usage | GPU-Util  Compute M. |
|                                         |                        |               MIG M. |
|=========================================+========================+======================|
|   0  Tesla P40                      Off |   00000000:3F:00.0 Off |                    0 |
| N/A   32C    P8              9W /  250W |       0MiB /  23040MiB |      0%      Default |
|                                         |                        |                  N/A |
+-----------------------------------------+------------------------+----------------------+
                                                                                         
+-----------------------------------------------------------------------------------------+
| Processes:                                                                              |
|  GPU   GI   CI        PID   Type   Process name                              GPU Memory |
|        ID   ID                                                               Usage      |
|=========================================================================================|
|  No running processes found                                                             |
+-----------------------------------------------------------------------------------------+

/usr/bin/nvidia-smi
Starting combined robustness experiment...


Experiment completed at: Sat 17 Jan 09:31:09 GMT 2026
