=========================================
SSVAE Combined Robustness Experiment
=========================================
Job ID: 255641
Node: c2-g4-02
Start time: Sun Jan 18 09:46:32 GMT 2026

Python location: /scratch/shared/beegfs/dhoffmann/miniconda3/envs/vae/bin/python
Python version: Python 3.10.19

Checking GPU availability...
Sun Jan 18 09:46:38 2026       
+-----------------------------------------------------------------------------------------+
| NVIDIA-SMI 550.163.01             Driver Version: 550.163.01     CUDA Version: 12.4     |
|-----------------------------------------+------------------------+----------------------+
| GPU  Name                 Persistence-M | Bus-Id          Disp.A | Volatile Uncorr. ECC |
| Fan  Temp   Perf          Pwr:Usage/Cap |           Memory-Usage | GPU-Util  Compute M. |
|                                         |                        |               MIG M. |
|=========================================+========================+======================|
|   0  Tesla P40                      Off |   00000000:3E:00.0 Off |                    0 |
| N/A   28C    P8              9W /  250W |       0MiB /  23040MiB |      0%      Default |
|                                         |                        |                  N/A |
+-----------------------------------------+------------------------+----------------------+
                                                                                         
+-----------------------------------------------------------------------------------------+
| Processes:                                                                              |
|  GPU   GI   CI        PID   Type   Process name                              GPU Memory |
|        ID   ID                                                               Usage      |
|=========================================================================================|
|  No running processes found                                                             |
+-----------------------------------------------------------------------------------------+

/usr/bin/nvidia-smi
Starting combined robustness experiment...



================================================================================
STARTING COMBINED SWEEP FOR MNIST
================================================================================


################################################################################
COMBINED 3D PARAMETER SWEEP - MNIST
################################################################################

Parameter Space:
  Number of Labels: [100, 600, 1000, 3000]
  Corruption Rates: [0.0]
  Alpha Values: [0.1, 0.5, 1.0, 10.0, 25.0, 50.0, 75.0, 100.0]
  Random Seeds: 10 seeds (42 to 51)
  Total Experiments: 320


Running 32 configurations, each with 10 seeds...


Loading checkpoint for config: Labels=100%, Corruption=0.0%, Alpha=0.10

Loading checkpoint for config: Labels=100%, Corruption=0.0%, Alpha=0.50

Loading checkpoint for config: Labels=100%, Corruption=0.0%, Alpha=1.00

Loading checkpoint for config: Labels=100%, Corruption=0.0%, Alpha=10.00

Loading checkpoint for config: Labels=100%, Corruption=0.0%, Alpha=25.00

Loading checkpoint for config: Labels=100%, Corruption=0.0%, Alpha=50.00

Loading checkpoint for config: Labels=100%, Corruption=0.0%, Alpha=75.00

Loading checkpoint for config: Labels=100%, Corruption=0.0%, Alpha=100.00

Loading checkpoint for config: Labels=600%, Corruption=0.0%, Alpha=0.10

Loading checkpoint for config: Labels=600%, Corruption=0.0%, Alpha=0.50

Loading checkpoint for config: Labels=600%, Corruption=0.0%, Alpha=1.00

Loading checkpoint for config: Labels=600%, Corruption=0.0%, Alpha=10.00

Loading checkpoint for config: Labels=600%, Corruption=0.0%, Alpha=25.00

Loading checkpoint for config: Labels=600%, Corruption=0.0%, Alpha=50.00

Loading checkpoint for config: Labels=600%, Corruption=0.0%, Alpha=75.00

Loading checkpoint for config: Labels=600%, Corruption=0.0%, Alpha=100.00

Loading checkpoint for config: Labels=1000%, Corruption=0.0%, Alpha=0.10

Loading checkpoint for config: Labels=1000%, Corruption=0.0%, Alpha=0.50

Loading checkpoint for config: Labels=1000%, Corruption=0.0%, Alpha=1.00

Loading checkpoint for config: Labels=1000%, Corruption=0.0%, Alpha=10.00

Loading checkpoint for config: Labels=1000%, Corruption=0.0%, Alpha=25.00

Loading checkpoint for config: Labels=1000%, Corruption=0.0%, Alpha=50.00

Loading checkpoint for config: Labels=1000%, Corruption=0.0%, Alpha=75.00

Loading checkpoint for config: Labels=1000%, Corruption=0.0%, Alpha=100.00

Loading checkpoint for config: Labels=3000%, Corruption=0.0%, Alpha=0.10

Loading checkpoint for config: Labels=3000%, Corruption=0.0%, Alpha=0.50

Loading checkpoint for config: Labels=3000%, Corruption=0.0%, Alpha=1.00

Loading checkpoint for config: Labels=3000%, Corruption=0.0%, Alpha=10.00

Loading checkpoint for config: Labels=3000%, Corruption=0.0%, Alpha=25.00

Loading checkpoint for config: Labels=3000%, Corruption=0.0%, Alpha=50.00

Loading checkpoint for config: Labels=3000%, Corruption=0.0%, Alpha=75.00

Loading checkpoint for config: Labels=3000%, Corruption=0.0%, Alpha=100.00
Saved results to ../results/combined/alpha_0_experiment.json
Saved heatmaps to ../results/combined/MNIST_combined_heatmaps.png
Saved interaction plots to ../results/combined/alpha_0_experiment.png


================================================================================
ALL COMBINED EXPERIMENTS COMPLETED!
================================================================================

Results saved to: ../results/combined
Checkpoints saved to: ../results/combined/checkpoints

✓ All configurations completed successfully!

Experiment completed at: Sun Jan 18 09:47:40 GMT 2026
