=========================================
SSVAE Combined Robustness Experiment
=========================================
Job ID: 261290
Node: c2-g4-02
Start time: Tue 20 Jan 16:13:58 GMT 2026

Python location: /scratch/shared/beegfs/dhoffmann/miniconda3/envs/vae/bin/python
Python version: Python 3.10.19

Checking GPU availability...
Tue Jan 20 16:14:04 2026       
+-----------------------------------------------------------------------------------------+
| NVIDIA-SMI 550.163.01             Driver Version: 550.163.01     CUDA Version: 12.4     |
|-----------------------------------------+------------------------+----------------------+
| GPU  Name                 Persistence-M | Bus-Id          Disp.A | Volatile Uncorr. ECC |
| Fan  Temp   Perf          Pwr:Usage/Cap |           Memory-Usage | GPU-Util  Compute M. |
|                                         |                        |               MIG M. |
|=========================================+========================+======================|
|   0  Tesla P40                      Off |   00000000:3E:00.0 Off |                    0 |
| N/A   31C    P8              9W /  250W |       0MiB /  23040MiB |      0%      Default |
|                                         |                        |                  N/A |
+-----------------------------------------+------------------------+----------------------+
                                                                                         
+-----------------------------------------------------------------------------------------+
| Processes:                                                                              |
|  GPU   GI   CI        PID   Type   Process name                              GPU Memory |
|        ID   ID                                                               Usage      |
|=========================================================================================|
|  No running processes found                                                             |
+-----------------------------------------------------------------------------------------+

/usr/bin/nvidia-smi
Starting combined robustness experiment...



================================================================================
STARTING COMBINED SWEEP FOR MNIST
================================================================================


################################################################################
COMBINED 3D PARAMETER SWEEP - MNIST
################################################################################

Parameter Space:
  Number of Labels: [100, 600, 1000, 3000]
  Corruption Rates: [0.0, 0.01, 0.1, 0.2, 0.5, 1.0]
  Alpha Values: [50.0]
  Random Seeds: 10 seeds (42 to 51)
  Total Experiments: 240


Running 24 configurations, each with 10 seeds...


Loading checkpoint for config: Labels=100%, Corruption=0.0%, Alpha=50.00

Loading checkpoint for config: Labels=100%, Corruption=1.0%, Alpha=50.00

Loading checkpoint for config: Labels=100%, Corruption=10.0%, Alpha=50.00

Loading checkpoint for config: Labels=100%, Corruption=20.0%, Alpha=50.00

Loading checkpoint for config: Labels=100%, Corruption=50.0%, Alpha=50.00

================================================================================
Dataset: MNIST | Labels: 100% | Corruption: 100.0% | Alpha: 50.00 | Seed: 42
Device: cuda
================================================================================


Final evaluation...
Computing disentanglement metrics...

Results:
  Test Accuracy: 0.037
  Test ELBO: -4.1332e-01
  Beta-VAE Score: 0.1767
  Factor-VAE Score: 0.4385
  MIG Score: 0.0614

================================================================================
Dataset: MNIST | Labels: 100% | Corruption: 100.0% | Alpha: 50.00 | Seed: 43
Device: cuda
================================================================================


Final evaluation...
Computing disentanglement metrics...

Results:
  Test Accuracy: 0.031
  Test ELBO: -4.2437e-01
  Beta-VAE Score: 0.1856
  Factor-VAE Score: 0.5723
  MIG Score: 0.0501

================================================================================
Dataset: MNIST | Labels: 100% | Corruption: 100.0% | Alpha: 50.00 | Seed: 44
Device: cuda
================================================================================


Final evaluation...
Computing disentanglement metrics...

Results:
  Test Accuracy: 0.098
  Test ELBO: -4.2978e-01
  Beta-VAE Score: 0.1689
  Factor-VAE Score: 0.6405
  MIG Score: 0.1517

================================================================================
Dataset: MNIST | Labels: 100% | Corruption: 100.0% | Alpha: 50.00 | Seed: 45
Device: cuda
================================================================================


Final evaluation...
Computing disentanglement metrics...

Results:
  Test Accuracy: 0.038
  Test ELBO: -4.2080e-01
  Beta-VAE Score: 0.1633
  Factor-VAE Score: 0.5156
  MIG Score: 0.0975

================================================================================
Dataset: MNIST | Labels: 100% | Corruption: 100.0% | Alpha: 50.00 | Seed: 46
Device: cuda
================================================================================


Final evaluation...
Computing disentanglement metrics...

Results:
  Test Accuracy: 0.023
  Test ELBO: -4.1438e-01
  Beta-VAE Score: 0.1900
  Factor-VAE Score: 0.5718
  MIG Score: 0.0508

================================================================================
Dataset: MNIST | Labels: 100% | Corruption: 100.0% | Alpha: 50.00 | Seed: 47
Device: cuda
================================================================================


Final evaluation...
Computing disentanglement metrics...

Results:
  Test Accuracy: 0.025
  Test ELBO: -4.1352e-01
  Beta-VAE Score: 0.1578
  Factor-VAE Score: 0.4836
  MIG Score: 0.0532

================================================================================
Dataset: MNIST | Labels: 100% | Corruption: 100.0% | Alpha: 50.00 | Seed: 48
Device: cuda
================================================================================


Final evaluation...
Computing disentanglement metrics...

Results:
  Test Accuracy: 0.033
  Test ELBO: -4.1429e-01
  Beta-VAE Score: 0.1556
  Factor-VAE Score: 0.5169
  MIG Score: 0.1555

================================================================================
Dataset: MNIST | Labels: 100% | Corruption: 100.0% | Alpha: 50.00 | Seed: 49
Device: cuda
================================================================================


Final evaluation...
Computing disentanglement metrics...

Results:
  Test Accuracy: 0.082
  Test ELBO: -4.2409e-01
  Beta-VAE Score: 0.1833
  Factor-VAE Score: 0.6040
  MIG Score: 0.0222

================================================================================
Dataset: MNIST | Labels: 100% | Corruption: 100.0% | Alpha: 50.00 | Seed: 50
Device: cuda
================================================================================


Final evaluation...
Computing disentanglement metrics...

Results:
  Test Accuracy: 0.028
  Test ELBO: -4.1237e-01
  Beta-VAE Score: 0.1778
  Factor-VAE Score: 0.5452
  MIG Score: 0.0181

================================================================================
Dataset: MNIST | Labels: 100% | Corruption: 100.0% | Alpha: 50.00 | Seed: 51
Device: cuda
================================================================================


Final evaluation...
Computing disentanglement metrics...

Results:
  Test Accuracy: 0.096
  Test ELBO: -4.2491e-01
  Beta-VAE Score: 0.2100
  Factor-VAE Score: 0.6064
  MIG Score: 0.1208

✓ Checkpoint saved: ../results/combined/checkpoints/MNIST_lf100_cr1.00_a50.00.json

================================================================================
Dataset: MNIST | Labels: 600% | Corruption: 0.0% | Alpha: 50.00 | Seed: 42
Device: cuda
================================================================================


Final evaluation...
Computing disentanglement metrics...

Results:
  Test Accuracy: 0.864
  Test ELBO: -4.0811e-01
  Beta-VAE Score: 0.0944
  Factor-VAE Score: 0.0934
  MIG Score: 0.0195

================================================================================
Dataset: MNIST | Labels: 600% | Corruption: 0.0% | Alpha: 50.00 | Seed: 43
Device: cuda
================================================================================


Final evaluation...
Computing disentanglement metrics...

Results:
  Test Accuracy: 0.890
  Test ELBO: -4.0746e-01
  Beta-VAE Score: 0.0744
  Factor-VAE Score: 0.0882
  MIG Score: 0.0123

================================================================================
Dataset: MNIST | Labels: 600% | Corruption: 0.0% | Alpha: 50.00 | Seed: 44
Device: cuda
================================================================================


Final evaluation...
Computing disentanglement metrics...

Results:
  Test Accuracy: 0.923
  Test ELBO: -4.0804e-01
  Beta-VAE Score: 0.0778
  Factor-VAE Score: 0.0535
  MIG Score: 0.0077

================================================================================
Dataset: MNIST | Labels: 600% | Corruption: 0.0% | Alpha: 50.00 | Seed: 45
Device: cuda
================================================================================


Final evaluation...
Computing disentanglement metrics...

Results:
  Test Accuracy: 0.038
  Test ELBO: -4.2080e-01
  Beta-VAE Score: 0.1633
  Factor-VAE Score: 0.5156
  MIG Score: 0.0975

================================================================================
Dataset: MNIST | Labels: 600% | Corruption: 0.0% | Alpha: 50.00 | Seed: 46
Device: cuda
================================================================================


Final evaluation...
Computing disentanglement metrics...

Results:
  Test Accuracy: 0.874
  Test ELBO: -4.0813e-01
  Beta-VAE Score: 0.0867
  Factor-VAE Score: 0.0926
  MIG Score: 0.0943

================================================================================
Dataset: MNIST | Labels: 600% | Corruption: 0.0% | Alpha: 50.00 | Seed: 47
Device: cuda
================================================================================


Final evaluation...
Computing disentanglement metrics...

Results:
  Test Accuracy: 0.844
  Test ELBO: -4.0910e-01
  Beta-VAE Score: 0.0956
  Factor-VAE Score: 0.1134
  MIG Score: 0.0276

================================================================================
Dataset: MNIST | Labels: 600% | Corruption: 0.0% | Alpha: 50.00 | Seed: 48
Device: cuda
================================================================================


Final evaluation...
Computing disentanglement metrics...

Results:
  Test Accuracy: 0.876
  Test ELBO: -4.0857e-01
  Beta-VAE Score: 0.0967
  Factor-VAE Score: 0.1038
  MIG Score: 0.0451

================================================================================
Dataset: MNIST | Labels: 600% | Corruption: 0.0% | Alpha: 50.00 | Seed: 49
Device: cuda
================================================================================


Final evaluation...
Computing disentanglement metrics...

Results:
  Test Accuracy: 0.730
  Test ELBO: -4.1045e-01
  Beta-VAE Score: 0.1233
  Factor-VAE Score: 0.2158
  MIG Score: 0.0366

================================================================================
Dataset: MNIST | Labels: 600% | Corruption: 0.0% | Alpha: 50.00 | Seed: 50
Device: cuda
================================================================================


Final evaluation...
Computing disentanglement metrics...

Results:
  Test Accuracy: 0.892
  Test ELBO: -4.0837e-01
  Beta-VAE Score: 0.1089
  Factor-VAE Score: 0.0804
  MIG Score: 0.0344

================================================================================
Dataset: MNIST | Labels: 600% | Corruption: 0.0% | Alpha: 50.00 | Seed: 51
Device: cuda
================================================================================


Final evaluation...
Computing disentanglement metrics...

Results:
  Test Accuracy: 0.918
  Test ELBO: -4.0848e-01
  Beta-VAE Score: 0.1000
  Factor-VAE Score: 0.0669
  MIG Score: 0.0039

✓ Checkpoint saved: ../results/combined/checkpoints/MNIST_lf600_cr0.00_a50.00.json

================================================================================
Dataset: MNIST | Labels: 600% | Corruption: 1.0% | Alpha: 50.00 | Seed: 42
Device: cuda
================================================================================


Final evaluation...
Computing disentanglement metrics...

Results:
  Test Accuracy: 0.825
  Test ELBO: -4.0834e-01
  Beta-VAE Score: 0.0878
  Factor-VAE Score: 0.1185
  MIG Score: 0.0085

================================================================================
Dataset: MNIST | Labels: 600% | Corruption: 1.0% | Alpha: 50.00 | Seed: 43
Device: cuda
================================================================================


Final evaluation...
Computing disentanglement metrics...

Results:
  Test Accuracy: 0.875
  Test ELBO: -4.0743e-01
  Beta-VAE Score: 0.0778
  Factor-VAE Score: 0.0955
  MIG Score: 0.0156

================================================================================
Dataset: MNIST | Labels: 600% | Corruption: 1.0% | Alpha: 50.00 | Seed: 44
Device: cuda
================================================================================


Final evaluation...
Computing disentanglement metrics...

Results:
  Test Accuracy: 0.920
  Test ELBO: -4.0814e-01
  Beta-VAE Score: 0.0733
  Factor-VAE Score: 0.0538
  MIG Score: 0.0093

================================================================================
Dataset: MNIST | Labels: 600% | Corruption: 1.0% | Alpha: 50.00 | Seed: 45
Device: cuda
================================================================================


Final evaluation...
Computing disentanglement metrics...

Results:
  Test Accuracy: 0.038
  Test ELBO: -4.2080e-01
  Beta-VAE Score: 0.1633
  Factor-VAE Score: 0.5156
  MIG Score: 0.0975

================================================================================
Dataset: MNIST | Labels: 600% | Corruption: 1.0% | Alpha: 50.00 | Seed: 46
Device: cuda
================================================================================


Final evaluation...
Computing disentanglement metrics...

Results:
  Test Accuracy: 0.882
  Test ELBO: -4.0809e-01
  Beta-VAE Score: 0.0800
  Factor-VAE Score: 0.0888
  MIG Score: 0.0882

================================================================================
Dataset: MNIST | Labels: 600% | Corruption: 1.0% | Alpha: 50.00 | Seed: 47
Device: cuda
================================================================================


Final evaluation...
Computing disentanglement metrics...

Results:
  Test Accuracy: 0.843
  Test ELBO: -4.0919e-01
  Beta-VAE Score: 0.0878
  Factor-VAE Score: 0.1126
  MIG Score: 0.0277

================================================================================
Dataset: MNIST | Labels: 600% | Corruption: 1.0% | Alpha: 50.00 | Seed: 48
Device: cuda
================================================================================


Final evaluation...
Computing disentanglement metrics...

Results:
  Test Accuracy: 0.868
  Test ELBO: -4.0868e-01
  Beta-VAE Score: 0.0967
  Factor-VAE Score: 0.1071
  MIG Score: 0.0538

================================================================================
Dataset: MNIST | Labels: 600% | Corruption: 1.0% | Alpha: 50.00 | Seed: 49
Device: cuda
================================================================================


Final evaluation...
Computing disentanglement metrics...

Results:
  Test Accuracy: 0.719
  Test ELBO: -4.1021e-01
  Beta-VAE Score: 0.1244
  Factor-VAE Score: 0.2165
  MIG Score: 0.0353

================================================================================
Dataset: MNIST | Labels: 600% | Corruption: 1.0% | Alpha: 50.00 | Seed: 50
Device: cuda
================================================================================


Final evaluation...
Computing disentanglement metrics...

Results:
  Test Accuracy: 0.892
  Test ELBO: -4.0831e-01
  Beta-VAE Score: 0.0967
  Factor-VAE Score: 0.0792
  MIG Score: 0.0404

================================================================================
Dataset: MNIST | Labels: 600% | Corruption: 1.0% | Alpha: 50.00 | Seed: 51
Device: cuda
================================================================================


Final evaluation...
Computing disentanglement metrics...

Results:
  Test Accuracy: 0.913
  Test ELBO: -4.0837e-01
  Beta-VAE Score: 0.1000
  Factor-VAE Score: 0.0699
  MIG Score: 0.0033

✓ Checkpoint saved: ../results/combined/checkpoints/MNIST_lf600_cr0.01_a50.00.json

================================================================================
Dataset: MNIST | Labels: 600% | Corruption: 10.0% | Alpha: 50.00 | Seed: 42
Device: cuda
================================================================================


Final evaluation...
Computing disentanglement metrics...

Results:
  Test Accuracy: 0.807
  Test ELBO: -4.0844e-01
  Beta-VAE Score: 0.0922
  Factor-VAE Score: 0.1366
  MIG Score: 0.0122

================================================================================
Dataset: MNIST | Labels: 600% | Corruption: 10.0% | Alpha: 50.00 | Seed: 43
Device: cuda
================================================================================


Final evaluation...
Computing disentanglement metrics...

Results:
  Test Accuracy: 0.864
  Test ELBO: -4.0748e-01
  Beta-VAE Score: 0.0700
  Factor-VAE Score: 0.1070
  MIG Score: 0.0086

================================================================================
Dataset: MNIST | Labels: 600% | Corruption: 10.0% | Alpha: 50.00 | Seed: 44
Device: cuda
================================================================================


Final evaluation...
Computing disentanglement metrics...

Results:
  Test Accuracy: 0.901
  Test ELBO: -4.0877e-01
  Beta-VAE Score: 0.0822
  Factor-VAE Score: 0.0699
  MIG Score: 0.0062

================================================================================
Dataset: MNIST | Labels: 600% | Corruption: 10.0% | Alpha: 50.00 | Seed: 45
Device: cuda
================================================================================


Final evaluation...
Computing disentanglement metrics...

Results:
  Test Accuracy: 0.038
  Test ELBO: -4.2080e-01
  Beta-VAE Score: 0.1633
  Factor-VAE Score: 0.5156
  MIG Score: 0.0975

================================================================================
Dataset: MNIST | Labels: 600% | Corruption: 10.0% | Alpha: 50.00 | Seed: 46
Device: cuda
================================================================================


Final evaluation...
Computing disentanglement metrics...

Results:
  Test Accuracy: 0.857
  Test ELBO: -4.0836e-01
  Beta-VAE Score: 0.0933
  Factor-VAE Score: 0.1105
  MIG Score: 0.1033

================================================================================
Dataset: MNIST | Labels: 600% | Corruption: 10.0% | Alpha: 50.00 | Seed: 47
Device: cuda
================================================================================


Final evaluation...
Computing disentanglement metrics...

Results:
  Test Accuracy: 0.789
  Test ELBO: -4.0926e-01
  Beta-VAE Score: 0.0956
  Factor-VAE Score: 0.1522
  MIG Score: 0.0226

================================================================================
Dataset: MNIST | Labels: 600% | Corruption: 10.0% | Alpha: 50.00 | Seed: 48
Device: cuda
================================================================================


Final evaluation...
Computing disentanglement metrics...

Results:
  Test Accuracy: 0.833
  Test ELBO: -4.0883e-01
  Beta-VAE Score: 0.1100
  Factor-VAE Score: 0.1328
  MIG Score: 0.0558

================================================================================
Dataset: MNIST | Labels: 600% | Corruption: 10.0% | Alpha: 50.00 | Seed: 49
Device: cuda
================================================================================


Final evaluation...
Computing disentanglement metrics...

Results:
  Test Accuracy: 0.704
  Test ELBO: -4.1054e-01
  Beta-VAE Score: 0.1344
  Factor-VAE Score: 0.2469
  MIG Score: 0.0882

================================================================================
Dataset: MNIST | Labels: 600% | Corruption: 10.0% | Alpha: 50.00 | Seed: 50
Device: cuda
================================================================================


Final evaluation...
Computing disentanglement metrics...

Results:
  Test Accuracy: 0.859
  Test ELBO: -4.0926e-01
  Beta-VAE Score: 0.0956
  Factor-VAE Score: 0.1048
  MIG Score: 0.0324

================================================================================
Dataset: MNIST | Labels: 600% | Corruption: 10.0% | Alpha: 50.00 | Seed: 51
Device: cuda
================================================================================


Final evaluation...
Computing disentanglement metrics...

Results:
  Test Accuracy: 0.890
  Test ELBO: -4.0910e-01
  Beta-VAE Score: 0.1100
  Factor-VAE Score: 0.0890
  MIG Score: 0.0189

✓ Checkpoint saved: ../results/combined/checkpoints/MNIST_lf600_cr0.10_a50.00.json

================================================================================
Dataset: MNIST | Labels: 600% | Corruption: 20.0% | Alpha: 50.00 | Seed: 42
Device: cuda
================================================================================


Final evaluation...
Computing disentanglement metrics...

Results:
  Test Accuracy: 0.819
  Test ELBO: -4.0812e-01
  Beta-VAE Score: 0.1256
  Factor-VAE Score: 0.1321
  MIG Score: 0.0050

================================================================================
Dataset: MNIST | Labels: 600% | Corruption: 20.0% | Alpha: 50.00 | Seed: 43
Device: cuda
================================================================================


Final evaluation...
Computing disentanglement metrics...

Results:
  Test Accuracy: 0.826
  Test ELBO: -4.0860e-01
  Beta-VAE Score: 0.0811
  Factor-VAE Score: 0.1324
  MIG Score: 0.0237

================================================================================
Dataset: MNIST | Labels: 600% | Corruption: 20.0% | Alpha: 50.00 | Seed: 44
Device: cuda
================================================================================


Final evaluation...
Computing disentanglement metrics...

Results:
  Test Accuracy: 0.871
  Test ELBO: -4.0995e-01
  Beta-VAE Score: 0.0978
  Factor-VAE Score: 0.0930
  MIG Score: 0.0023

================================================================================
Dataset: MNIST | Labels: 600% | Corruption: 20.0% | Alpha: 50.00 | Seed: 45
Device: cuda
================================================================================


Final evaluation...
Computing disentanglement metrics...

Results:
  Test Accuracy: 0.038
  Test ELBO: -4.2080e-01
  Beta-VAE Score: 0.1633
  Factor-VAE Score: 0.5156
  MIG Score: 0.0975

================================================================================
Dataset: MNIST | Labels: 600% | Corruption: 20.0% | Alpha: 50.00 | Seed: 46
Device: cuda
================================================================================


Final evaluation...
Computing disentanglement metrics...

Results:
  Test Accuracy: 0.820
  Test ELBO: -4.0939e-01
  Beta-VAE Score: 0.1044
  Factor-VAE Score: 0.1489
  MIG Score: 0.1386

================================================================================
Dataset: MNIST | Labels: 600% | Corruption: 20.0% | Alpha: 50.00 | Seed: 47
Device: cuda
================================================================================


Final evaluation...
Computing disentanglement metrics...

Results:
  Test Accuracy: 0.762
  Test ELBO: -4.0973e-01
  Beta-VAE Score: 0.1044
  Factor-VAE Score: 0.1745
  MIG Score: 0.0177

================================================================================
Dataset: MNIST | Labels: 600% | Corruption: 20.0% | Alpha: 50.00 | Seed: 48
Device: cuda
================================================================================


Final evaluation...
Computing disentanglement metrics...

Results:
  Test Accuracy: 0.835
  Test ELBO: -4.0932e-01
  Beta-VAE Score: 0.1033
  Factor-VAE Score: 0.1436
  MIG Score: 0.0601

================================================================================
Dataset: MNIST | Labels: 600% | Corruption: 20.0% | Alpha: 50.00 | Seed: 49
Device: cuda
================================================================================


Final evaluation...
Computing disentanglement metrics...

Results:
  Test Accuracy: 0.658
  Test ELBO: -4.1078e-01
  Beta-VAE Score: 0.1544
  Factor-VAE Score: 0.2712
  MIG Score: 0.0744

================================================================================
Dataset: MNIST | Labels: 600% | Corruption: 20.0% | Alpha: 50.00 | Seed: 50
Device: cuda
================================================================================


Final evaluation...
Computing disentanglement metrics...

Results:
  Test Accuracy: 0.851
  Test ELBO: -4.0859e-01
  Beta-VAE Score: 0.0989
  Factor-VAE Score: 0.1105
  MIG Score: 0.0357

================================================================================
Dataset: MNIST | Labels: 600% | Corruption: 20.0% | Alpha: 50.00 | Seed: 51
Device: cuda
================================================================================


Final evaluation...
Computing disentanglement metrics...

Results:
  Test Accuracy: 0.841
  Test ELBO: -4.1000e-01
  Beta-VAE Score: 0.1222
  Factor-VAE Score: 0.1318
  MIG Score: 0.0381

✓ Checkpoint saved: ../results/combined/checkpoints/MNIST_lf600_cr0.20_a50.00.json

================================================================================
Dataset: MNIST | Labels: 600% | Corruption: 50.0% | Alpha: 50.00 | Seed: 42
Device: cuda
================================================================================


Final evaluation...
Computing disentanglement metrics...

Results:
  Test Accuracy: 0.660
  Test ELBO: -4.0932e-01
  Beta-VAE Score: 0.1211
  Factor-VAE Score: 0.2435
  MIG Score: 0.0121

================================================================================
Dataset: MNIST | Labels: 600% | Corruption: 50.0% | Alpha: 50.00 | Seed: 43
Device: cuda
================================================================================


Final evaluation...
Computing disentanglement metrics...

Results:
  Test Accuracy: 0.647
  Test ELBO: -4.1128e-01
  Beta-VAE Score: 0.1222
  Factor-VAE Score: 0.2626
  MIG Score: 0.0782

================================================================================
Dataset: MNIST | Labels: 600% | Corruption: 50.0% | Alpha: 50.00 | Seed: 44
Device: cuda
================================================================================


Final evaluation...
Computing disentanglement metrics...

Results:
  Test Accuracy: 0.708
  Test ELBO: -4.1427e-01
  Beta-VAE Score: 0.1111
  Factor-VAE Score: 0.2384
  MIG Score: 0.0428

================================================================================
Dataset: MNIST | Labels: 600% | Corruption: 50.0% | Alpha: 50.00 | Seed: 45
Device: cuda
================================================================================


Final evaluation...
Computing disentanglement metrics...

Results:
  Test Accuracy: 0.038
  Test ELBO: -4.2080e-01
  Beta-VAE Score: 0.1633
  Factor-VAE Score: 0.5156
  MIG Score: 0.0975

================================================================================
Dataset: MNIST | Labels: 600% | Corruption: 50.0% | Alpha: 50.00 | Seed: 46
Device: cuda
================================================================================


Final evaluation...
Computing disentanglement metrics...

Results:
  Test Accuracy: 0.659
  Test ELBO: -4.1113e-01
  Beta-VAE Score: 0.1411
  Factor-VAE Score: 0.2803
  MIG Score: 0.1436

================================================================================
Dataset: MNIST | Labels: 600% | Corruption: 50.0% | Alpha: 50.00 | Seed: 47
Device: cuda
================================================================================


Final evaluation...
Computing disentanglement metrics...

Results:
  Test Accuracy: 0.603
  Test ELBO: -4.1176e-01
  Beta-VAE Score: 0.1256
  Factor-VAE Score: 0.2958
  MIG Score: 0.0227

================================================================================
Dataset: MNIST | Labels: 600% | Corruption: 50.0% | Alpha: 50.00 | Seed: 48
Device: cuda
================================================================================


Final evaluation...
Computing disentanglement metrics...

Results:
  Test Accuracy: 0.629
  Test ELBO: -4.1140e-01
  Beta-VAE Score: 0.1333
  Factor-VAE Score: 0.2993
  MIG Score: 0.1200

================================================================================
Dataset: MNIST | Labels: 600% | Corruption: 50.0% | Alpha: 50.00 | Seed: 49
Device: cuda
================================================================================


Final evaluation...
Computing disentanglement metrics...

Results:
  Test Accuracy: 0.412
  Test ELBO: -4.1170e-01
  Beta-VAE Score: 0.1722
  Factor-VAE Score: 0.4094
  MIG Score: 0.1141

================================================================================
Dataset: MNIST | Labels: 600% | Corruption: 50.0% | Alpha: 50.00 | Seed: 50
Device: cuda
================================================================================


Final evaluation...
Computing disentanglement metrics...

Results:
  Test Accuracy: 0.745
  Test ELBO: -4.1112e-01
  Beta-VAE Score: 0.1033
  Factor-VAE Score: 0.2146
  MIG Score: 0.0162

================================================================================
Dataset: MNIST | Labels: 600% | Corruption: 50.0% | Alpha: 50.00 | Seed: 51
Device: cuda
================================================================================


Final evaluation...
Computing disentanglement metrics...

Results:
  Test Accuracy: 0.724
  Test ELBO: -4.1254e-01
  Beta-VAE Score: 0.1556
  Factor-VAE Score: 0.2528
  MIG Score: 0.0773

✓ Checkpoint saved: ../results/combined/checkpoints/MNIST_lf600_cr0.50_a50.00.json

================================================================================
Dataset: MNIST | Labels: 600% | Corruption: 100.0% | Alpha: 50.00 | Seed: 42
Device: cuda
================================================================================


Final evaluation...
Computing disentanglement metrics...

Results:
  Test Accuracy: 0.049
  Test ELBO: -4.1245e-01
  Beta-VAE Score: 0.1700
  Factor-VAE Score: 0.4776
  MIG Score: 0.0638

================================================================================
Dataset: MNIST | Labels: 600% | Corruption: 100.0% | Alpha: 50.00 | Seed: 43
Device: cuda
================================================================================


Final evaluation...
Computing disentanglement metrics...

Results:
  Test Accuracy: 0.011
  Test ELBO: -4.1316e-01
  Beta-VAE Score: 0.1444
  Factor-VAE Score: 0.4712
  MIG Score: 0.0328

================================================================================
Dataset: MNIST | Labels: 600% | Corruption: 100.0% | Alpha: 50.00 | Seed: 44
Device: cuda
================================================================================


Final evaluation...
Computing disentanglement metrics...

Results:
  Test Accuracy: 0.028
  Test ELBO: -4.1933e-01
  Beta-VAE Score: 0.2167
  Factor-VAE Score: 0.6099
  MIG Score: 0.1371

================================================================================
Dataset: MNIST | Labels: 600% | Corruption: 100.0% | Alpha: 50.00 | Seed: 45
Device: cuda
================================================================================


Final evaluation...
Computing disentanglement metrics...

Results:
  Test Accuracy: 0.038
  Test ELBO: -4.2080e-01
  Beta-VAE Score: 0.1633
  Factor-VAE Score: 0.5156
  MIG Score: 0.0975

================================================================================
Dataset: MNIST | Labels: 600% | Corruption: 100.0% | Alpha: 50.00 | Seed: 46
Device: cuda
================================================================================


Final evaluation...
Computing disentanglement metrics...

Results:
  Test Accuracy: 0.023
  Test ELBO: -4.1438e-01
  Beta-VAE Score: 0.1900
  Factor-VAE Score: 0.5718
  MIG Score: 0.0508

================================================================================
Dataset: MNIST | Labels: 600% | Corruption: 100.0% | Alpha: 50.00 | Seed: 47
Device: cuda
================================================================================


Final evaluation...
Computing disentanglement metrics...

Results:
  Test Accuracy: 0.023
  Test ELBO: -4.1421e-01
  Beta-VAE Score: 0.1578
  Factor-VAE Score: 0.4941
  MIG Score: 0.0742

================================================================================
Dataset: MNIST | Labels: 600% | Corruption: 100.0% | Alpha: 50.00 | Seed: 48
Device: cuda
================================================================================


Final evaluation...
Computing disentanglement metrics...

Results:
  Test Accuracy: 0.016
  Test ELBO: -4.1305e-01
  Beta-VAE Score: 0.1433
  Factor-VAE Score: 0.5234
  MIG Score: 0.1409

================================================================================
Dataset: MNIST | Labels: 600% | Corruption: 100.0% | Alpha: 50.00 | Seed: 49
Device: cuda
================================================================================


Final evaluation...
Computing disentanglement metrics...

Results:
  Test Accuracy: 0.056
  Test ELBO: -4.1392e-01
  Beta-VAE Score: 0.2044
  Factor-VAE Score: 0.5911
  MIG Score: 0.1091

================================================================================
Dataset: MNIST | Labels: 600% | Corruption: 100.0% | Alpha: 50.00 | Seed: 50
Device: cuda
================================================================================


Final evaluation...
Computing disentanglement metrics...

Results:
  Test Accuracy: 0.031
  Test ELBO: -4.1751e-01
  Beta-VAE Score: 0.1756
  Factor-VAE Score: 0.5929
  MIG Score: 0.0918

================================================================================
Dataset: MNIST | Labels: 600% | Corruption: 100.0% | Alpha: 50.00 | Seed: 51
Device: cuda
================================================================================


Final evaluation...
Computing disentanglement metrics...

Results:
  Test Accuracy: 0.029
  Test ELBO: -4.1755e-01
  Beta-VAE Score: 0.2167
  Factor-VAE Score: 0.6152
  MIG Score: 0.1169

✓ Checkpoint saved: ../results/combined/checkpoints/MNIST_lf600_cr1.00_a50.00.json

================================================================================
Dataset: MNIST | Labels: 1000% | Corruption: 0.0% | Alpha: 50.00 | Seed: 42
Device: cuda
================================================================================


Final evaluation...
Computing disentanglement metrics...

Results:
  Test Accuracy: 0.901
  Test ELBO: -4.0827e-01
  Beta-VAE Score: 0.0889
  Factor-VAE Score: 0.0675
  MIG Score: 0.0110

================================================================================
Dataset: MNIST | Labels: 1000% | Corruption: 0.0% | Alpha: 50.00 | Seed: 43
Device: cuda
================================================================================


Final evaluation...
Computing disentanglement metrics...

Results:
  Test Accuracy: 0.914
  Test ELBO: -4.0706e-01
  Beta-VAE Score: 0.0744
  Factor-VAE Score: 0.0670
  MIG Score: 0.0087

================================================================================
Dataset: MNIST | Labels: 1000% | Corruption: 0.0% | Alpha: 50.00 | Seed: 44
Device: cuda
================================================================================


Final evaluation...
Computing disentanglement metrics...

Results:
  Test Accuracy: 0.939
  Test ELBO: -4.0935e-01
  Beta-VAE Score: 0.0667
  Factor-VAE Score: 0.0447
  MIG Score: 0.0144

================================================================================
Dataset: MNIST | Labels: 1000% | Corruption: 0.0% | Alpha: 50.00 | Seed: 45
Device: cuda
================================================================================


Final evaluation...
Computing disentanglement metrics...

Results:
  Test Accuracy: 0.685
  Test ELBO: -4.1022e-01
  Beta-VAE Score: 0.1378
  Factor-VAE Score: 0.2288
  MIG Score: 0.0293

================================================================================
Dataset: MNIST | Labels: 1000% | Corruption: 0.0% | Alpha: 50.00 | Seed: 46
Device: cuda
================================================================================


Final evaluation...
Computing disentanglement metrics...

Results:
  Test Accuracy: 0.910
  Test ELBO: -4.0807e-01
  Beta-VAE Score: 0.0878
  Factor-VAE Score: 0.0625
  MIG Score: 0.0694

================================================================================
Dataset: MNIST | Labels: 1000% | Corruption: 0.0% | Alpha: 50.00 | Seed: 47
Device: cuda
================================================================================


Final evaluation...
Computing disentanglement metrics...

Results:
  Test Accuracy: 0.844
  Test ELBO: -4.0910e-01
  Beta-VAE Score: 0.0956
  Factor-VAE Score: 0.1134
  MIG Score: 0.0276

================================================================================
Dataset: MNIST | Labels: 1000% | Corruption: 0.0% | Alpha: 50.00 | Seed: 48
Device: cuda
================================================================================


Final evaluation...
Computing disentanglement metrics...

Results:
  Test Accuracy: 0.917
  Test ELBO: -4.0788e-01
  Beta-VAE Score: 0.0878
  Factor-VAE Score: 0.0693
  MIG Score: 0.0003

================================================================================
Dataset: MNIST | Labels: 1000% | Corruption: 0.0% | Alpha: 50.00 | Seed: 49
Device: cuda
================================================================================


Final evaluation...
Computing disentanglement metrics...

Results:
  Test Accuracy: 0.911
  Test ELBO: -4.0714e-01
  Beta-VAE Score: 0.0967
  Factor-VAE Score: 0.0655
  MIG Score: 0.0261

================================================================================
Dataset: MNIST | Labels: 1000% | Corruption: 0.0% | Alpha: 50.00 | Seed: 50
Device: cuda
================================================================================


Final evaluation...
Computing disentanglement metrics...

Results:
  Test Accuracy: 0.909
  Test ELBO: -4.0874e-01
  Beta-VAE Score: 0.0856
  Factor-VAE Score: 0.0680
  MIG Score: 0.0064

================================================================================
Dataset: MNIST | Labels: 1000% | Corruption: 0.0% | Alpha: 50.00 | Seed: 51
Device: cuda
================================================================================


Final evaluation...
Computing disentanglement metrics...

Results:
  Test Accuracy: 0.939
  Test ELBO: -4.0865e-01
  Beta-VAE Score: 0.0900
  Factor-VAE Score: 0.0495
  MIG Score: 0.0014

✓ Checkpoint saved: ../results/combined/checkpoints/MNIST_lf1000_cr0.00_a50.00.json

================================================================================
Dataset: MNIST | Labels: 1000% | Corruption: 1.0% | Alpha: 50.00 | Seed: 42
Device: cuda
================================================================================


Final evaluation...
Computing disentanglement metrics...

Results:
  Test Accuracy: 0.892
  Test ELBO: -4.0866e-01
  Beta-VAE Score: 0.0867
  Factor-VAE Score: 0.0703
  MIG Score: 0.0114

================================================================================
Dataset: MNIST | Labels: 1000% | Corruption: 1.0% | Alpha: 50.00 | Seed: 43
Device: cuda
================================================================================


Final evaluation...
Computing disentanglement metrics...

Results:
  Test Accuracy: 0.909
  Test ELBO: -4.0723e-01
  Beta-VAE Score: 0.0711
  Factor-VAE Score: 0.0713
  MIG Score: 0.0157

================================================================================
Dataset: MNIST | Labels: 1000% | Corruption: 1.0% | Alpha: 50.00 | Seed: 44
Device: cuda
================================================================================


Final evaluation...
Computing disentanglement metrics...

Results:
  Test Accuracy: 0.931
  Test ELBO: -4.0966e-01
  Beta-VAE Score: 0.0644
  Factor-VAE Score: 0.0476
  MIG Score: 0.0063

================================================================================
Dataset: MNIST | Labels: 1000% | Corruption: 1.0% | Alpha: 50.00 | Seed: 45
Device: cuda
================================================================================


Final evaluation...
Computing disentanglement metrics...

Results:
  Test Accuracy: 0.627
  Test ELBO: -4.1060e-01
  Beta-VAE Score: 0.1456
  Factor-VAE Score: 0.2473
  MIG Score: 0.0322

================================================================================
Dataset: MNIST | Labels: 1000% | Corruption: 1.0% | Alpha: 50.00 | Seed: 46
Device: cuda
================================================================================


Final evaluation...
Computing disentanglement metrics...

Results:
  Test Accuracy: 0.905
  Test ELBO: -4.0829e-01
  Beta-VAE Score: 0.0956
  Factor-VAE Score: 0.0684
  MIG Score: 0.0830

================================================================================
Dataset: MNIST | Labels: 1000% | Corruption: 1.0% | Alpha: 50.00 | Seed: 47
Device: cuda
================================================================================


Final evaluation...
Computing disentanglement metrics...

Results:
  Test Accuracy: 0.843
  Test ELBO: -4.0919e-01
  Beta-VAE Score: 0.0878
  Factor-VAE Score: 0.1126
  MIG Score: 0.0277

================================================================================
Dataset: MNIST | Labels: 1000% | Corruption: 1.0% | Alpha: 50.00 | Seed: 48
Device: cuda
================================================================================


Final evaluation...
Computing disentanglement metrics...

Results:
  Test Accuracy: 0.919
  Test ELBO: -4.0795e-01
  Beta-VAE Score: 0.0856
  Factor-VAE Score: 0.0645
  MIG Score: 0.0092

================================================================================
Dataset: MNIST | Labels: 1000% | Corruption: 1.0% | Alpha: 50.00 | Seed: 49
Device: cuda
================================================================================


Final evaluation...
Computing disentanglement metrics...

Results:
  Test Accuracy: 0.908
  Test ELBO: -4.0717e-01
  Beta-VAE Score: 0.0967
  Factor-VAE Score: 0.0690
  MIG Score: 0.0173

================================================================================
Dataset: MNIST | Labels: 1000% | Corruption: 1.0% | Alpha: 50.00 | Seed: 50
Device: cuda
================================================================================


Final evaluation...
Computing disentanglement metrics...

Results:
  Test Accuracy: 0.905
  Test ELBO: -4.0865e-01
  Beta-VAE Score: 0.0889
  Factor-VAE Score: 0.0734
  MIG Score: 0.0102

================================================================================
Dataset: MNIST | Labels: 1000% | Corruption: 1.0% | Alpha: 50.00 | Seed: 51
Device: cuda
================================================================================


Final evaluation...
Computing disentanglement metrics...

Results:
  Test Accuracy: 0.932
  Test ELBO: -4.0894e-01
  Beta-VAE Score: 0.0756
  Factor-VAE Score: 0.0506
  MIG Score: 0.0063

✓ Checkpoint saved: ../results/combined/checkpoints/MNIST_lf1000_cr0.01_a50.00.json

================================================================================
Dataset: MNIST | Labels: 1000% | Corruption: 10.0% | Alpha: 50.00 | Seed: 42
Device: cuda
================================================================================


Final evaluation...
Computing disentanglement metrics...

Results:
  Test Accuracy: 0.862
  Test ELBO: -4.0888e-01
  Beta-VAE Score: 0.0989
  Factor-VAE Score: 0.0935
  MIG Score: 0.0087

================================================================================
Dataset: MNIST | Labels: 1000% | Corruption: 10.0% | Alpha: 50.00 | Seed: 43
Device: cuda
================================================================================


Final evaluation...
Computing disentanglement metrics...

Results:
  Test Accuracy: 0.886
  Test ELBO: -4.0721e-01
  Beta-VAE Score: 0.0878
  Factor-VAE Score: 0.0878
  MIG Score: 0.0307

================================================================================
Dataset: MNIST | Labels: 1000% | Corruption: 10.0% | Alpha: 50.00 | Seed: 44
Device: cuda
================================================================================


Final evaluation...
Computing disentanglement metrics...

Results:
  Test Accuracy: 0.915
  Test ELBO: -4.0958e-01
  Beta-VAE Score: 0.0778
  Factor-VAE Score: 0.0644
  MIG Score: 0.0066

================================================================================
Dataset: MNIST | Labels: 1000% | Corruption: 10.0% | Alpha: 50.00 | Seed: 45
Device: cuda
================================================================================


Final evaluation...
Computing disentanglement metrics...

Results:
  Test Accuracy: 0.585
  Test ELBO: -4.0980e-01
  Beta-VAE Score: 0.1489
  Factor-VAE Score: 0.2614
  MIG Score: 0.0333

================================================================================
Dataset: MNIST | Labels: 1000% | Corruption: 10.0% | Alpha: 50.00 | Seed: 46
Device: cuda
================================================================================


Final evaluation...
Computing disentanglement metrics...

Results:
  Test Accuracy: 0.874
  Test ELBO: -4.0878e-01
  Beta-VAE Score: 0.0967
  Factor-VAE Score: 0.0918
  MIG Score: 0.1029

================================================================================
Dataset: MNIST | Labels: 1000% | Corruption: 10.0% | Alpha: 50.00 | Seed: 47
Device: cuda
================================================================================


Final evaluation...
Computing disentanglement metrics...

Results:
  Test Accuracy: 0.789
  Test ELBO: -4.0926e-01
  Beta-VAE Score: 0.0956
  Factor-VAE Score: 0.1522
  MIG Score: 0.0226

================================================================================
Dataset: MNIST | Labels: 1000% | Corruption: 10.0% | Alpha: 50.00 | Seed: 48
Device: cuda
================================================================================


Final evaluation...
Computing disentanglement metrics...

Results:
  Test Accuracy: 0.889
  Test ELBO: -4.0853e-01
  Beta-VAE Score: 0.1044
  Factor-VAE Score: 0.0842
  MIG Score: 0.0307

================================================================================
Dataset: MNIST | Labels: 1000% | Corruption: 10.0% | Alpha: 50.00 | Seed: 49
Device: cuda
================================================================================


Final evaluation...
Computing disentanglement metrics...

Results:
  Test Accuracy: 0.891
  Test ELBO: -4.0726e-01
  Beta-VAE Score: 0.1022
  Factor-VAE Score: 0.0846
  MIG Score: 0.0131

================================================================================
Dataset: MNIST | Labels: 1000% | Corruption: 10.0% | Alpha: 50.00 | Seed: 50
Device: cuda
================================================================================


Final evaluation...
Computing disentanglement metrics...

Results:
  Test Accuracy: 0.874
  Test ELBO: -4.0939e-01
  Beta-VAE Score: 0.0878
  Factor-VAE Score: 0.0962
  MIG Score: 0.0009

================================================================================
Dataset: MNIST | Labels: 1000% | Corruption: 10.0% | Alpha: 50.00 | Seed: 51
Device: cuda
================================================================================


Final evaluation...
Computing disentanglement metrics...

Results:
  Test Accuracy: 0.911
  Test ELBO: -4.0888e-01
  Beta-VAE Score: 0.0944
  Factor-VAE Score: 0.0744
  MIG Score: 0.0345

✓ Checkpoint saved: ../results/combined/checkpoints/MNIST_lf1000_cr0.10_a50.00.json

================================================================================
Dataset: MNIST | Labels: 1000% | Corruption: 20.0% | Alpha: 50.00 | Seed: 42
Device: cuda
================================================================================


Final evaluation...
Computing disentanglement metrics...

Results:
  Test Accuracy: 0.837
  Test ELBO: -4.0927e-01
  Beta-VAE Score: 0.1000
  Factor-VAE Score: 0.1088
  MIG Score: 0.0219

================================================================================
Dataset: MNIST | Labels: 1000% | Corruption: 20.0% | Alpha: 50.00 | Seed: 43
Device: cuda
================================================================================


Final evaluation...
Computing disentanglement metrics...

Results:
  Test Accuracy: 0.863
  Test ELBO: -4.0799e-01
  Beta-VAE Score: 0.0767
  Factor-VAE Score: 0.1036
  MIG Score: 0.0371

================================================================================
Dataset: MNIST | Labels: 1000% | Corruption: 20.0% | Alpha: 50.00 | Seed: 44
Device: cuda
================================================================================


Final evaluation...
Computing disentanglement metrics...

Results:
  Test Accuracy: 0.903
  Test ELBO: -4.1029e-01
  Beta-VAE Score: 0.0922
  Factor-VAE Score: 0.0872
  MIG Score: 0.0112

================================================================================
Dataset: MNIST | Labels: 1000% | Corruption: 20.0% | Alpha: 50.00 | Seed: 45
Device: cuda
================================================================================


Final evaluation...
Computing disentanglement metrics...

Results:
  Test Accuracy: 0.569
  Test ELBO: -4.1054e-01
  Beta-VAE Score: 0.1433
  Factor-VAE Score: 0.2758
  MIG Score: 0.0928

================================================================================
Dataset: MNIST | Labels: 1000% | Corruption: 20.0% | Alpha: 50.00 | Seed: 46
Device: cuda
================================================================================


Final evaluation...
Computing disentanglement metrics...

Results:
  Test Accuracy: 0.844
  Test ELBO: -4.1039e-01
  Beta-VAE Score: 0.1022
  Factor-VAE Score: 0.1225
  MIG Score: 0.1045

================================================================================
Dataset: MNIST | Labels: 1000% | Corruption: 20.0% | Alpha: 50.00 | Seed: 47
Device: cuda
================================================================================


Final evaluation...
Computing disentanglement metrics...

Results:
  Test Accuracy: 0.762
  Test ELBO: -4.0973e-01
  Beta-VAE Score: 0.1044
  Factor-VAE Score: 0.1745
  MIG Score: 0.0177

================================================================================
Dataset: MNIST | Labels: 1000% | Corruption: 20.0% | Alpha: 50.00 | Seed: 48
Device: cuda
================================================================================


Final evaluation...
Computing disentanglement metrics...

Results:
  Test Accuracy: 0.866
  Test ELBO: -4.0892e-01
  Beta-VAE Score: 0.1011
  Factor-VAE Score: 0.1100
  MIG Score: 0.0355

================================================================================
Dataset: MNIST | Labels: 1000% | Corruption: 20.0% | Alpha: 50.00 | Seed: 49
Device: cuda
================================================================================


Final evaluation...
Computing disentanglement metrics...

Results:
  Test Accuracy: 0.868
  Test ELBO: -4.0778e-01
  Beta-VAE Score: 0.1033
  Factor-VAE Score: 0.1078
  MIG Score: 0.0063

================================================================================
Dataset: MNIST | Labels: 1000% | Corruption: 20.0% | Alpha: 50.00 | Seed: 50
Device: cuda
================================================================================


Final evaluation...
Computing disentanglement metrics...

Results:
  Test Accuracy: 0.828
  Test ELBO: -4.0966e-01
  Beta-VAE Score: 0.0989
  Factor-VAE Score: 0.1316
  MIG Score: 0.0128

================================================================================
Dataset: MNIST | Labels: 1000% | Corruption: 20.0% | Alpha: 50.00 | Seed: 51
Device: cuda
================================================================================


Final evaluation...
Computing disentanglement metrics...

Results:
  Test Accuracy: 0.873
  Test ELBO: -4.1136e-01
  Beta-VAE Score: 0.1233
  Factor-VAE Score: 0.1103
  MIG Score: 0.0564

✓ Checkpoint saved: ../results/combined/checkpoints/MNIST_lf1000_cr0.20_a50.00.json

================================================================================
Dataset: MNIST | Labels: 1000% | Corruption: 50.0% | Alpha: 50.00 | Seed: 42
Device: cuda
================================================================================


Final evaluation...
Computing disentanglement metrics...

Results:
  Test Accuracy: 0.743
  Test ELBO: -4.1081e-01
  Beta-VAE Score: 0.1122
  Factor-VAE Score: 0.2101
  MIG Score: 0.0157

================================================================================
Dataset: MNIST | Labels: 1000% | Corruption: 50.0% | Alpha: 50.00 | Seed: 43
Device: cuda
================================================================================


Final evaluation...
Computing disentanglement metrics...

Results:
  Test Accuracy: 0.778
  Test ELBO: -4.1005e-01
  Beta-VAE Score: 0.1056
  Factor-VAE Score: 0.1948
  MIG Score: 0.0750

================================================================================
Dataset: MNIST | Labels: 1000% | Corruption: 50.0% | Alpha: 50.00 | Seed: 44
Device: cuda
================================================================================


Final evaluation...
Computing disentanglement metrics...

Results:
  Test Accuracy: 0.708
  Test ELBO: -4.1555e-01
  Beta-VAE Score: 0.1322
  Factor-VAE Score: 0.2747
  MIG Score: 0.0337

================================================================================
Dataset: MNIST | Labels: 1000% | Corruption: 50.0% | Alpha: 50.00 | Seed: 45
Device: cuda
================================================================================


Final evaluation...
Computing disentanglement metrics...

Results:
  Test Accuracy: 0.343
  Test ELBO: -4.1273e-01
  Beta-VAE Score: 0.1422
  Factor-VAE Score: 0.4086
  MIG Score: 0.1086

================================================================================
Dataset: MNIST | Labels: 1000% | Corruption: 50.0% | Alpha: 50.00 | Seed: 46
Device: cuda
================================================================================


Final evaluation...
Computing disentanglement metrics...

Results:
  Test Accuracy: 0.711
  Test ELBO: -4.1261e-01
  Beta-VAE Score: 0.1322
  Factor-VAE Score: 0.2565
  MIG Score: 0.1221

================================================================================
Dataset: MNIST | Labels: 1000% | Corruption: 50.0% | Alpha: 50.00 | Seed: 47
Device: cuda
================================================================================


Final evaluation...
Computing disentanglement metrics...

Results:
  Test Accuracy: 0.603
  Test ELBO: -4.1176e-01
  Beta-VAE Score: 0.1256
  Factor-VAE Score: 0.2958
  MIG Score: 0.0227

================================================================================
Dataset: MNIST | Labels: 1000% | Corruption: 50.0% | Alpha: 50.00 | Seed: 48
Device: cuda
================================================================================


Final evaluation...
Computing disentanglement metrics...

Results:
  Test Accuracy: 0.732
  Test ELBO: -4.1241e-01
  Beta-VAE Score: 0.1156
  Factor-VAE Score: 0.2390
  MIG Score: 0.0819

================================================================================
Dataset: MNIST | Labels: 1000% | Corruption: 50.0% | Alpha: 50.00 | Seed: 49
Device: cuda
================================================================================


Final evaluation...
Computing disentanglement metrics...

Results:
  Test Accuracy: 0.767
  Test ELBO: -4.0984e-01
  Beta-VAE Score: 0.1133
  Factor-VAE Score: 0.2156
  MIG Score: 0.0714

================================================================================
Dataset: MNIST | Labels: 1000% | Corruption: 50.0% | Alpha: 50.00 | Seed: 50
Device: cuda
================================================================================


Final evaluation...
Computing disentanglement metrics...

Results:
  Test Accuracy: 0.741
  Test ELBO: -4.1190e-01
  Beta-VAE Score: 0.1078
  Factor-VAE Score: 0.2261
  MIG Score: 0.0069

================================================================================
Dataset: MNIST | Labels: 1000% | Corruption: 50.0% | Alpha: 50.00 | Seed: 51
Device: cuda
================================================================================


Final evaluation...
Computing disentanglement metrics...

Results:
  Test Accuracy: 0.715
  Test ELBO: -4.1435e-01
  Beta-VAE Score: 0.1556
  Factor-VAE Score: 0.2792
  MIG Score: 0.1004

✓ Checkpoint saved: ../results/combined/checkpoints/MNIST_lf1000_cr0.50_a50.00.json

================================================================================
Dataset: MNIST | Labels: 1000% | Corruption: 100.0% | Alpha: 50.00 | Seed: 42
Device: cuda
================================================================================


Final evaluation...
Computing disentanglement metrics...

Results:
  Test Accuracy: 0.020
  Test ELBO: -4.1456e-01
  Beta-VAE Score: 0.1833
  Factor-VAE Score: 0.5653
  MIG Score: 0.1127

================================================================================
Dataset: MNIST | Labels: 1000% | Corruption: 100.0% | Alpha: 50.00 | Seed: 43
Device: cuda
================================================================================


Final evaluation...
Computing disentanglement metrics...

Results:
  Test Accuracy: 0.015
  Test ELBO: -4.1599e-01
  Beta-VAE Score: 0.1800
  Factor-VAE Score: 0.5626
  MIG Score: 0.0634

================================================================================
Dataset: MNIST | Labels: 1000% | Corruption: 100.0% | Alpha: 50.00 | Seed: 44
Device: cuda
================================================================================


Final evaluation...
Computing disentanglement metrics...

Results:
  Test Accuracy: 0.036
  Test ELBO: -4.2092e-01
  Beta-VAE Score: 0.2178
  Factor-VAE Score: 0.6152
  MIG Score: 0.1224

================================================================================
Dataset: MNIST | Labels: 1000% | Corruption: 100.0% | Alpha: 50.00 | Seed: 45
Device: cuda
================================================================================


Final evaluation...
Computing disentanglement metrics...

Results:
  Test Accuracy: 0.034
  Test ELBO: -4.1246e-01
  Beta-VAE Score: 0.1533
  Factor-VAE Score: 0.5054
  MIG Score: 0.1337

================================================================================
Dataset: MNIST | Labels: 1000% | Corruption: 100.0% | Alpha: 50.00 | Seed: 46
Device: cuda
================================================================================


Final evaluation...
Computing disentanglement metrics...

Results:
  Test Accuracy: 0.026
  Test ELBO: -4.1911e-01
  Beta-VAE Score: 0.1944
  Factor-VAE Score: 0.6338
  MIG Score: 0.0267

================================================================================
Dataset: MNIST | Labels: 1000% | Corruption: 100.0% | Alpha: 50.00 | Seed: 47
Device: cuda
================================================================================


Final evaluation...
Computing disentanglement metrics...

Results:
  Test Accuracy: 0.023
  Test ELBO: -4.1421e-01
  Beta-VAE Score: 0.1578
  Factor-VAE Score: 0.4941
  MIG Score: 0.0742

================================================================================
Dataset: MNIST | Labels: 1000% | Corruption: 100.0% | Alpha: 50.00 | Seed: 48
Device: cuda
================================================================================


Final evaluation...
Computing disentanglement metrics...

Results:
  Test Accuracy: 0.022
  Test ELBO: -4.1694e-01
  Beta-VAE Score: 0.1756
  Factor-VAE Score: 0.6135
  MIG Score: 0.1181

================================================================================
Dataset: MNIST | Labels: 1000% | Corruption: 100.0% | Alpha: 50.00 | Seed: 49
Device: cuda
================================================================================


Final evaluation...
Computing disentanglement metrics...

Results:
  Test Accuracy: 0.028
  Test ELBO: -4.1473e-01
  Beta-VAE Score: 0.1967
  Factor-VAE Score: 0.6288
  MIG Score: 0.0602

================================================================================
Dataset: MNIST | Labels: 1000% | Corruption: 100.0% | Alpha: 50.00 | Seed: 50
Device: cuda
================================================================================


Final evaluation...
Computing disentanglement metrics...

Results:
  Test Accuracy: 0.030
  Test ELBO: -4.1813e-01
  Beta-VAE Score: 0.1656
  Factor-VAE Score: 0.6033
  MIG Score: 0.0784

================================================================================
Dataset: MNIST | Labels: 1000% | Corruption: 100.0% | Alpha: 50.00 | Seed: 51
Device: cuda
================================================================================


Final evaluation...
Computing disentanglement metrics...

Results:
  Test Accuracy: 0.025
  Test ELBO: -4.1905e-01
  Beta-VAE Score: 0.2044
  Factor-VAE Score: 0.5944
  MIG Score: 0.0804

✓ Checkpoint saved: ../results/combined/checkpoints/MNIST_lf1000_cr1.00_a50.00.json

================================================================================
Dataset: MNIST | Labels: 3000% | Corruption: 0.0% | Alpha: 50.00 | Seed: 42
Device: cuda
================================================================================


Final evaluation...
Computing disentanglement metrics...

Results:
  Test Accuracy: 0.944
  Test ELBO: -4.0764e-01
  Beta-VAE Score: 0.0744
  Factor-VAE Score: 0.0417
  MIG Score: 0.0217

================================================================================
Dataset: MNIST | Labels: 3000% | Corruption: 0.0% | Alpha: 50.00 | Seed: 43
Device: cuda
================================================================================


Final evaluation...
Computing disentanglement metrics...

Results:
  Test Accuracy: 0.948
  Test ELBO: -4.0857e-01
  Beta-VAE Score: 0.0756
  Factor-VAE Score: 0.0435
  MIG Score: 0.0313

================================================================================
Dataset: MNIST | Labels: 3000% | Corruption: 0.0% | Alpha: 50.00 | Seed: 44
Device: cuda
================================================================================


Final evaluation...
Computing disentanglement metrics...

Results:
  Test Accuracy: 0.957
  Test ELBO: -4.0901e-01
  Beta-VAE Score: 0.0756
  Factor-VAE Score: 0.0382
  MIG Score: 0.0037

================================================================================
Dataset: MNIST | Labels: 3000% | Corruption: 0.0% | Alpha: 50.00 | Seed: 45
Device: cuda
================================================================================


Final evaluation...
Computing disentanglement metrics...

Results:
  Test Accuracy: 0.947
  Test ELBO: -4.0814e-01
  Beta-VAE Score: 0.0678
  Factor-VAE Score: 0.0383
  MIG Score: 0.0029

================================================================================
Dataset: MNIST | Labels: 3000% | Corruption: 0.0% | Alpha: 50.00 | Seed: 46
Device: cuda
================================================================================


Final evaluation...
Computing disentanglement metrics...

Results:
  Test Accuracy: 0.954
  Test ELBO: -4.0958e-01
  Beta-VAE Score: 0.0778
  Factor-VAE Score: 0.0378
  MIG Score: 0.0035

================================================================================
Dataset: MNIST | Labels: 3000% | Corruption: 0.0% | Alpha: 50.00 | Seed: 47
Device: cuda
================================================================================


Final evaluation...
Computing disentanglement metrics...

Results:
  Test Accuracy: 0.959
  Test ELBO: -4.0811e-01
  Beta-VAE Score: 0.0756
  Factor-VAE Score: 0.0374
  MIG Score: 0.0159

================================================================================
Dataset: MNIST | Labels: 3000% | Corruption: 0.0% | Alpha: 50.00 | Seed: 48
Device: cuda
================================================================================


Final evaluation...
Computing disentanglement metrics...

Results:
  Test Accuracy: 0.943
  Test ELBO: -4.0781e-01
  Beta-VAE Score: 0.0678
  Factor-VAE Score: 0.0452
  MIG Score: 0.0040

================================================================================
Dataset: MNIST | Labels: 3000% | Corruption: 0.0% | Alpha: 50.00 | Seed: 49
Device: cuda
================================================================================


Final evaluation...
Computing disentanglement metrics...

Results:
  Test Accuracy: 0.954
  Test ELBO: -4.0970e-01
  Beta-VAE Score: 0.0744
  Factor-VAE Score: 0.0415
  MIG Score: 0.0189

================================================================================
Dataset: MNIST | Labels: 3000% | Corruption: 0.0% | Alpha: 50.00 | Seed: 50
Device: cuda
================================================================================


Final evaluation...
Computing disentanglement metrics...

Results:
  Test Accuracy: 0.952
  Test ELBO: -4.0897e-01
  Beta-VAE Score: 0.0667
  Factor-VAE Score: 0.0407
  MIG Score: 0.0203

================================================================================
Dataset: MNIST | Labels: 3000% | Corruption: 0.0% | Alpha: 50.00 | Seed: 51
Device: cuda
================================================================================


Final evaluation...
Computing disentanglement metrics...

Results:
  Test Accuracy: 0.949
  Test ELBO: -4.1054e-01
  Beta-VAE Score: 0.0822
  Factor-VAE Score: 0.0444
  MIG Score: 0.0085

✓ Checkpoint saved: ../results/combined/checkpoints/MNIST_lf3000_cr0.00_a50.00.json

================================================================================
Dataset: MNIST | Labels: 3000% | Corruption: 1.0% | Alpha: 50.00 | Seed: 42
Device: cuda
================================================================================


Final evaluation...
Computing disentanglement metrics...

Results:
  Test Accuracy: 0.937
  Test ELBO: -4.0775e-01
  Beta-VAE Score: 0.0744
  Factor-VAE Score: 0.0430
  MIG Score: 0.0138

================================================================================
Dataset: MNIST | Labels: 3000% | Corruption: 1.0% | Alpha: 50.00 | Seed: 43
Device: cuda
================================================================================


Final evaluation...
Computing disentanglement metrics...

Results:
  Test Accuracy: 0.945
  Test ELBO: -4.0772e-01
  Beta-VAE Score: 0.0778
  Factor-VAE Score: 0.0426
  MIG Score: 0.0185

================================================================================
Dataset: MNIST | Labels: 3000% | Corruption: 1.0% | Alpha: 50.00 | Seed: 44
Device: cuda
================================================================================


Final evaluation...
Computing disentanglement metrics...

Results:
  Test Accuracy: 0.953
  Test ELBO: -4.0972e-01
  Beta-VAE Score: 0.0711
  Factor-VAE Score: 0.0372
  MIG Score: 0.0137

================================================================================
Dataset: MNIST | Labels: 3000% | Corruption: 1.0% | Alpha: 50.00 | Seed: 45
Device: cuda
================================================================================


Final evaluation...
Computing disentanglement metrics...

Results:
  Test Accuracy: 0.946
  Test ELBO: -4.0803e-01
  Beta-VAE Score: 0.0622
  Factor-VAE Score: 0.0372
  MIG Score: 0.0066

================================================================================
Dataset: MNIST | Labels: 3000% | Corruption: 1.0% | Alpha: 50.00 | Seed: 46
Device: cuda
================================================================================


Final evaluation...
Computing disentanglement metrics...

Results:
  Test Accuracy: 0.952
  Test ELBO: -4.1002e-01
  Beta-VAE Score: 0.0756
  Factor-VAE Score: 0.0390
  MIG Score: 0.0069

================================================================================
Dataset: MNIST | Labels: 3000% | Corruption: 1.0% | Alpha: 50.00 | Seed: 47
Device: cuda
================================================================================


Final evaluation...
Computing disentanglement metrics...

Results:
  Test Accuracy: 0.954
  Test ELBO: -4.0822e-01
  Beta-VAE Score: 0.0800
  Factor-VAE Score: 0.0392
  MIG Score: 0.0177

================================================================================
Dataset: MNIST | Labels: 3000% | Corruption: 1.0% | Alpha: 50.00 | Seed: 48
Device: cuda
================================================================================


Final evaluation...
Computing disentanglement metrics...

Results:
  Test Accuracy: 0.942
  Test ELBO: -4.0754e-01
  Beta-VAE Score: 0.0700
  Factor-VAE Score: 0.0473
  MIG Score: 0.0059

================================================================================
Dataset: MNIST | Labels: 3000% | Corruption: 1.0% | Alpha: 50.00 | Seed: 49
Device: cuda
================================================================================


Final evaluation...
Computing disentanglement metrics...

Results:
  Test Accuracy: 0.953
  Test ELBO: -4.0878e-01
  Beta-VAE Score: 0.0811
  Factor-VAE Score: 0.0424
  MIG Score: 0.0026

================================================================================
Dataset: MNIST | Labels: 3000% | Corruption: 1.0% | Alpha: 50.00 | Seed: 50
Device: cuda
================================================================================


Final evaluation...
Computing disentanglement metrics...

Results:
  Test Accuracy: 0.946
  Test ELBO: -4.0892e-01
  Beta-VAE Score: 0.0822
  Factor-VAE Score: 0.0448
  MIG Score: 0.0203

================================================================================
Dataset: MNIST | Labels: 3000% | Corruption: 1.0% | Alpha: 50.00 | Seed: 51
Device: cuda
================================================================================


Final evaluation...
Computing disentanglement metrics...

Results:
  Test Accuracy: 0.945
  Test ELBO: -4.1058e-01
  Beta-VAE Score: 0.0856
  Factor-VAE Score: 0.0463
  MIG Score: 0.0024

✓ Checkpoint saved: ../results/combined/checkpoints/MNIST_lf3000_cr0.01_a50.00.json

================================================================================
Dataset: MNIST | Labels: 3000% | Corruption: 10.0% | Alpha: 50.00 | Seed: 42
Device: cuda
================================================================================


Final evaluation...
Computing disentanglement metrics...

Results:
  Test Accuracy: 0.908
  Test ELBO: -4.0936e-01
  Beta-VAE Score: 0.0822
  Factor-VAE Score: 0.0667
  MIG Score: 0.0077

================================================================================
Dataset: MNIST | Labels: 3000% | Corruption: 10.0% | Alpha: 50.00 | Seed: 43
Device: cuda
================================================================================


Final evaluation...
Computing disentanglement metrics...

Results:
  Test Accuracy: 0.921
  Test ELBO: -4.0878e-01
  Beta-VAE Score: 0.0878
  Factor-VAE Score: 0.0655
  MIG Score: 0.0365

================================================================================
Dataset: MNIST | Labels: 3000% | Corruption: 10.0% | Alpha: 50.00 | Seed: 44
Device: cuda
================================================================================


Final evaluation...
Computing disentanglement metrics...

Results:
  Test Accuracy: 0.933
  Test ELBO: -4.1039e-01
  Beta-VAE Score: 0.1089
  Factor-VAE Score: 0.0641
  MIG Score: 0.0173

================================================================================
Dataset: MNIST | Labels: 3000% | Corruption: 10.0% | Alpha: 50.00 | Seed: 45
Device: cuda
================================================================================


Final evaluation...
Computing disentanglement metrics...

Results:
  Test Accuracy: 0.921
  Test ELBO: -4.1033e-01
  Beta-VAE Score: 0.0778
  Factor-VAE Score: 0.0586
  MIG Score: 0.0065

================================================================================
Dataset: MNIST | Labels: 3000% | Corruption: 10.0% | Alpha: 50.00 | Seed: 46
Device: cuda
================================================================================


Final evaluation...
Computing disentanglement metrics...

Results:
  Test Accuracy: 0.923
  Test ELBO: -4.1072e-01
  Beta-VAE Score: 0.0989
  Factor-VAE Score: 0.0585
  MIG Score: 0.0075

================================================================================
Dataset: MNIST | Labels: 3000% | Corruption: 10.0% | Alpha: 50.00 | Seed: 47
Device: cuda
================================================================================


Final evaluation...
Computing disentanglement metrics...

Results:
  Test Accuracy: 0.937
  Test ELBO: -4.0956e-01
  Beta-VAE Score: 0.0911
  Factor-VAE Score: 0.0590
  MIG Score: 0.0254

================================================================================
Dataset: MNIST | Labels: 3000% | Corruption: 10.0% | Alpha: 50.00 | Seed: 48
Device: cuda
================================================================================


Final evaluation...
Computing disentanglement metrics...

Results:
  Test Accuracy: 0.928
  Test ELBO: -4.0856e-01
  Beta-VAE Score: 0.0756
  Factor-VAE Score: 0.0669
  MIG Score: 0.0053

================================================================================
Dataset: MNIST | Labels: 3000% | Corruption: 10.0% | Alpha: 50.00 | Seed: 49
Device: cuda
================================================================================


Final evaluation...
Computing disentanglement metrics...

Results:
  Test Accuracy: 0.931
  Test ELBO: -4.1127e-01
  Beta-VAE Score: 0.0900
  Factor-VAE Score: 0.0712
  MIG Score: 0.0304

================================================================================
Dataset: MNIST | Labels: 3000% | Corruption: 10.0% | Alpha: 50.00 | Seed: 50
Device: cuda
================================================================================


Final evaluation...
Computing disentanglement metrics...

Results:
  Test Accuracy: 0.921
  Test ELBO: -4.1008e-01
  Beta-VAE Score: 0.0978
  Factor-VAE Score: 0.0699
  MIG Score: 0.0126

================================================================================
Dataset: MNIST | Labels: 3000% | Corruption: 10.0% | Alpha: 50.00 | Seed: 51
Device: cuda
================================================================================


Final evaluation...
Computing disentanglement metrics...

Results:
  Test Accuracy: 0.918
  Test ELBO: -4.1150e-01
  Beta-VAE Score: 0.1056
  Factor-VAE Score: 0.0745
  MIG Score: 0.0233

✓ Checkpoint saved: ../results/combined/checkpoints/MNIST_lf3000_cr0.10_a50.00.json

================================================================================
Dataset: MNIST | Labels: 3000% | Corruption: 20.0% | Alpha: 50.00 | Seed: 42
Device: cuda
================================================================================


Final evaluation...
Computing disentanglement metrics...

Results:
  Test Accuracy: 0.913
  Test ELBO: -4.0731e-01
  Beta-VAE Score: 0.1178
  Factor-VAE Score: 0.0742
  MIG Score: 0.0206

================================================================================
Dataset: MNIST | Labels: 3000% | Corruption: 20.0% | Alpha: 50.00 | Seed: 43
Device: cuda
================================================================================


Final evaluation...
Computing disentanglement metrics...

Results:
  Test Accuracy: 0.880
  Test ELBO: -4.0980e-01
  Beta-VAE Score: 0.0811
  Factor-VAE Score: 0.0956
  MIG Score: 0.0081

================================================================================
Dataset: MNIST | Labels: 3000% | Corruption: 20.0% | Alpha: 50.00 | Seed: 44
Device: cuda
================================================================================


Final evaluation...
Computing disentanglement metrics...

Results:
  Test Accuracy: 0.894
  Test ELBO: -4.1325e-01
  Beta-VAE Score: 0.1033
  Factor-VAE Score: 0.1041
  MIG Score: 0.0379

================================================================================
Dataset: MNIST | Labels: 3000% | Corruption: 20.0% | Alpha: 50.00 | Seed: 45
Device: cuda
================================================================================


Final evaluation...
Computing disentanglement metrics...

Results:
  Test Accuracy: 0.887
  Test ELBO: -4.1229e-01
  Beta-VAE Score: 0.0867
  Factor-VAE Score: 0.0893
  MIG Score: 0.0190

================================================================================
Dataset: MNIST | Labels: 3000% | Corruption: 20.0% | Alpha: 50.00 | Seed: 46
Device: cuda
================================================================================


Final evaluation...
Computing disentanglement metrics...

Results:
  Test Accuracy: 0.904
  Test ELBO: -4.1114e-01
  Beta-VAE Score: 0.0889
  Factor-VAE Score: 0.0877
  MIG Score: 0.0223

================================================================================
Dataset: MNIST | Labels: 3000% | Corruption: 20.0% | Alpha: 50.00 | Seed: 47
Device: cuda
================================================================================


Final evaluation...
Computing disentanglement metrics...

Results:
  Test Accuracy: 0.908
  Test ELBO: -4.1023e-01
  Beta-VAE Score: 0.1056
  Factor-VAE Score: 0.0943
  MIG Score: 0.0095

================================================================================
Dataset: MNIST | Labels: 3000% | Corruption: 20.0% | Alpha: 50.00 | Seed: 48
Device: cuda
================================================================================


Final evaluation...
Computing disentanglement metrics...

Results:
  Test Accuracy: 0.903
  Test ELBO: -4.1025e-01
  Beta-VAE Score: 0.1011
  Factor-VAE Score: 0.0949
  MIG Score: 0.0131

================================================================================
Dataset: MNIST | Labels: 3000% | Corruption: 20.0% | Alpha: 50.00 | Seed: 49
Device: cuda
================================================================================


Final evaluation...
Computing disentanglement metrics...

Results:
  Test Accuracy: 0.888
  Test ELBO: -4.1362e-01
  Beta-VAE Score: 0.0956
  Factor-VAE Score: 0.0998
  MIG Score: 0.0402

================================================================================
Dataset: MNIST | Labels: 3000% | Corruption: 20.0% | Alpha: 50.00 | Seed: 50
Device: cuda
================================================================================


Final evaluation...
Computing disentanglement metrics...

Results:
  Test Accuracy: 0.879
  Test ELBO: -4.1284e-01
  Beta-VAE Score: 0.0956
  Factor-VAE Score: 0.1178
  MIG Score: 0.0407

================================================================================
Dataset: MNIST | Labels: 3000% | Corruption: 20.0% | Alpha: 50.00 | Seed: 51
Device: cuda
================================================================================


Final evaluation...
Computing disentanglement metrics...

Results:
  Test Accuracy: 0.882
  Test ELBO: -4.1306e-01
  Beta-VAE Score: 0.1078
  Factor-VAE Score: 0.1178
  MIG Score: 0.0406

✓ Checkpoint saved: ../results/combined/checkpoints/MNIST_lf3000_cr0.20_a50.00.json

================================================================================
Dataset: MNIST | Labels: 3000% | Corruption: 50.0% | Alpha: 50.00 | Seed: 42
Device: cuda
================================================================================


Final evaluation...
Computing disentanglement metrics...

Results:
  Test Accuracy: 0.783
  Test ELBO: -4.1255e-01
  Beta-VAE Score: 0.1144
  Factor-VAE Score: 0.2263
  MIG Score: 0.0749

================================================================================
Dataset: MNIST | Labels: 3000% | Corruption: 50.0% | Alpha: 50.00 | Seed: 43
Device: cuda
================================================================================


Final evaluation...
Computing disentanglement metrics...

Results:
  Test Accuracy: 0.717
  Test ELBO: -4.1520e-01
  Beta-VAE Score: 0.1222
  Factor-VAE Score: 0.3084
  MIG Score: 0.0172

================================================================================
Dataset: MNIST | Labels: 3000% | Corruption: 50.0% | Alpha: 50.00 | Seed: 44
Device: cuda
================================================================================


Final evaluation...
Computing disentanglement metrics...

Results:
  Test Accuracy: 0.677
  Test ELBO: -4.1816e-01
  Beta-VAE Score: 0.1300
  Factor-VAE Score: 0.3807
  MIG Score: 0.0036

================================================================================
Dataset: MNIST | Labels: 3000% | Corruption: 50.0% | Alpha: 50.00 | Seed: 45
Device: cuda
================================================================================


Final evaluation...
Computing disentanglement metrics...

Results:
  Test Accuracy: 0.714
  Test ELBO: -4.1754e-01
  Beta-VAE Score: 0.1433
  Factor-VAE Score: 0.2902
  MIG Score: 0.0174

================================================================================
Dataset: MNIST | Labels: 3000% | Corruption: 50.0% | Alpha: 50.00 | Seed: 46
Device: cuda
================================================================================


Final evaluation...
Computing disentanglement metrics...

Results:
  Test Accuracy: 0.733
  Test ELBO: -4.1697e-01
  Beta-VAE Score: 0.1400
  Factor-VAE Score: 0.3214
  MIG Score: 0.0342

================================================================================
Dataset: MNIST | Labels: 3000% | Corruption: 50.0% | Alpha: 50.00 | Seed: 47
Device: cuda
================================================================================


Final evaluation...
Computing disentanglement metrics...

Results:
  Test Accuracy: 0.666
  Test ELBO: -4.1735e-01
  Beta-VAE Score: 0.1578
  Factor-VAE Score: 0.3531
  MIG Score: 0.0130

================================================================================
Dataset: MNIST | Labels: 3000% | Corruption: 50.0% | Alpha: 50.00 | Seed: 48
Device: cuda
================================================================================


Final evaluation...
Computing disentanglement metrics...

Results:
  Test Accuracy: 0.758
  Test ELBO: -4.1477e-01
  Beta-VAE Score: 0.1222
  Factor-VAE Score: 0.2893
  MIG Score: 0.0607

================================================================================
Dataset: MNIST | Labels: 3000% | Corruption: 50.0% | Alpha: 50.00 | Seed: 49
Device: cuda
================================================================================


Final evaluation...
Computing disentanglement metrics...

Results:
  Test Accuracy: 0.677
  Test ELBO: -4.1735e-01
  Beta-VAE Score: 0.1400
  Factor-VAE Score: 0.3636
  MIG Score: 0.0838

================================================================================
Dataset: MNIST | Labels: 3000% | Corruption: 50.0% | Alpha: 50.00 | Seed: 50
Device: cuda
================================================================================


Final evaluation...
Computing disentanglement metrics...

Results:
  Test Accuracy: 0.681
  Test ELBO: -4.1910e-01
  Beta-VAE Score: 0.1322
  Factor-VAE Score: 0.3709
  MIG Score: 0.0018

================================================================================
Dataset: MNIST | Labels: 3000% | Corruption: 50.0% | Alpha: 50.00 | Seed: 51
Device: cuda
================================================================================


Final evaluation...
Computing disentanglement metrics...

Results:
  Test Accuracy: 0.668
  Test ELBO: -4.1833e-01
  Beta-VAE Score: 0.1933
  Factor-VAE Score: 0.3647
  MIG Score: 0.1222

✓ Checkpoint saved: ../results/combined/checkpoints/MNIST_lf3000_cr0.50_a50.00.json

================================================================================
Dataset: MNIST | Labels: 3000% | Corruption: 100.0% | Alpha: 50.00 | Seed: 42
Device: cuda
================================================================================


Final evaluation...
Computing disentanglement metrics...

Results:
  Test Accuracy: 0.031
  Test ELBO: -4.1998e-01
  Beta-VAE Score: 0.1756
  Factor-VAE Score: 0.5733
  MIG Score: 0.0030

================================================================================
Dataset: MNIST | Labels: 3000% | Corruption: 100.0% | Alpha: 50.00 | Seed: 43
Device: cuda
================================================================================


Final evaluation...
Computing disentanglement metrics...

Results:
  Test Accuracy: 0.033
  Test ELBO: -4.2113e-01
  Beta-VAE Score: 0.2044
  Factor-VAE Score: 0.6070
  MIG Score: 0.0587

================================================================================
Dataset: MNIST | Labels: 3000% | Corruption: 100.0% | Alpha: 50.00 | Seed: 44
Device: cuda
================================================================================


Final evaluation...
Computing disentanglement metrics...

Results:
  Test Accuracy: 0.035
  Test ELBO: -4.2123e-01
  Beta-VAE Score: 0.2133
  Factor-VAE Score: 0.6015
  MIG Score: 0.0659

================================================================================
Dataset: MNIST | Labels: 3000% | Corruption: 100.0% | Alpha: 50.00 | Seed: 45
Device: cuda
================================================================================


Final evaluation...
Computing disentanglement metrics...

Results:
  Test Accuracy: 0.036
  Test ELBO: -4.2097e-01
  Beta-VAE Score: 0.2044
  Factor-VAE Score: 0.6076
  MIG Score: 0.0278

================================================================================
Dataset: MNIST | Labels: 3000% | Corruption: 100.0% | Alpha: 50.00 | Seed: 46
Device: cuda
================================================================================


Final evaluation...
Computing disentanglement metrics...

Results:
  Test Accuracy: 0.038
  Test ELBO: -4.2307e-01
  Beta-VAE Score: 0.1900
  Factor-VAE Score: 0.6188
  MIG Score: 0.0173

================================================================================
Dataset: MNIST | Labels: 3000% | Corruption: 100.0% | Alpha: 50.00 | Seed: 47
Device: cuda
================================================================================


Final evaluation...
Computing disentanglement metrics...

Results:
  Test Accuracy: 0.042
  Test ELBO: -4.2074e-01
  Beta-VAE Score: 0.1811
  Factor-VAE Score: 0.6217
  MIG Score: 0.0578

================================================================================
Dataset: MNIST | Labels: 3000% | Corruption: 100.0% | Alpha: 50.00 | Seed: 48
Device: cuda
================================================================================


Final evaluation...
Computing disentanglement metrics...

Results:
  Test Accuracy: 0.040
  Test ELBO: -4.1946e-01
  Beta-VAE Score: 0.1789
  Factor-VAE Score: 0.6394
  MIG Score: 0.0714

================================================================================
Dataset: MNIST | Labels: 3000% | Corruption: 100.0% | Alpha: 50.00 | Seed: 49
Device: cuda
================================================================================


Final evaluation...
Computing disentanglement metrics...

Results:
  Test Accuracy: 0.034
  Test ELBO: -4.2047e-01
  Beta-VAE Score: 0.1956
  Factor-VAE Score: 0.5965
  MIG Score: 0.0091

================================================================================
Dataset: MNIST | Labels: 3000% | Corruption: 100.0% | Alpha: 50.00 | Seed: 50
Device: cuda
================================================================================


Final evaluation...
Computing disentanglement metrics...

Results:
  Test Accuracy: 0.032
  Test ELBO: -4.2161e-01
  Beta-VAE Score: 0.1844
  Factor-VAE Score: 0.6048
  MIG Score: 0.0580

================================================================================
Dataset: MNIST | Labels: 3000% | Corruption: 100.0% | Alpha: 50.00 | Seed: 51
Device: cuda
================================================================================


Final evaluation...
Computing disentanglement metrics...

Results:
  Test Accuracy: 0.036
  Test ELBO: -4.2079e-01
  Beta-VAE Score: 0.2200
  Factor-VAE Score: 0.6353
  MIG Score: 0.1210

✓ Checkpoint saved: ../results/combined/checkpoints/MNIST_lf3000_cr1.00_a50.00.json
Saved results to ../results/combined/noise_1_experiment.json
Saved heatmaps to ../results/combined/MNIST_combined_heatmaps.png
Saved interaction plots to ../results/combined/noise_1_experiment.png


================================================================================
ALL COMBINED EXPERIMENTS COMPLETED!
================================================================================

Results saved to: ../results/combined
Checkpoints saved to: ../results/combined/checkpoints

✓ All configurations completed successfully!

Experiment completed at: Wed 21 Jan 02:11:18 GMT 2026
