=========================================
SSVAE Combined Robustness Experiment
=========================================
Job ID: 261031
Node: c2-g4-02
Start time: Tue 20 Jan 12:24:02 GMT 2026

Python location: /scratch/shared/beegfs/dhoffmann/miniconda3/envs/vae/bin/python
Python version: Python 3.10.19

Checking GPU availability...
Tue Jan 20 12:24:08 2026       
+-----------------------------------------------------------------------------------------+
| NVIDIA-SMI 550.163.01             Driver Version: 550.163.01     CUDA Version: 12.4     |
|-----------------------------------------+------------------------+----------------------+
| GPU  Name                 Persistence-M | Bus-Id          Disp.A | Volatile Uncorr. ECC |
| Fan  Temp   Perf          Pwr:Usage/Cap |           Memory-Usage | GPU-Util  Compute M. |
|                                         |                        |               MIG M. |
|=========================================+========================+======================|
|   0  Tesla P40                      Off |   00000000:40:00.0 Off |                    0 |
| N/A   34C    P0             52W /  250W |       0MiB /  23040MiB |    100%      Default |
|                                         |                        |                  N/A |
+-----------------------------------------+------------------------+----------------------+
                                                                                         
+-----------------------------------------------------------------------------------------+
| Processes:                                                                              |
|  GPU   GI   CI        PID   Type   Process name                              GPU Memory |
|        ID   ID                                                               Usage      |
|=========================================================================================|
|  No running processes found                                                             |
+-----------------------------------------------------------------------------------------+

/usr/bin/nvidia-smi
Starting combined robustness experiment...



================================================================================
STARTING COMBINED SWEEP FOR MNIST
================================================================================


################################################################################
COMBINED 3D PARAMETER SWEEP - MNIST
################################################################################

Parameter Space:
  Number of Labels: [100, 600, 1000, 3000]
  Corruption Rates: [0.0, 0.01, 0.1, 0.2, 0.5, 1.0]
  Alpha Values: [50.0]
  Random Seeds: 10 seeds (42 to 51)
  Total Experiments: 240


Running 24 configurations, each with 10 seeds...


Loading checkpoint for config: Labels=100%, Corruption=0.0%, Alpha=50.00

Loading checkpoint for config: Labels=100%, Corruption=1.0%, Alpha=50.00

Loading checkpoint for config: Labels=100%, Corruption=10.0%, Alpha=50.00

Loading checkpoint for config: Labels=100%, Corruption=20.0%, Alpha=50.00

Loading checkpoint for config: Labels=100%, Corruption=50.0%, Alpha=50.00

================================================================================
Dataset: MNIST | Labels: 100% | Corruption: 100.0% | Alpha: 50.00 | Seed: 42
Device: cuda
================================================================================

